[0.030s] Invoking command in '/root/gym_ros_envs/build/my_gazebo_simulation': CMAKE_PREFIX_PATH=${CMAKE_PREFIX_PATH}:/opt/ros/humble /usr/bin/cmake --build /root/gym_ros_envs/build/my_gazebo_simulation -- -j8 -l8
[0.074s] -- Found ament_cmake: 1.3.10 (/opt/ros/humble/share/ament_cmake/cmake)
[0.295s] -- Found ament_lint_auto: 0.12.11 (/opt/ros/humble/share/ament_lint_auto/cmake)
[0.382s] -- Added test 'flake8' to check Python code syntax and style conventions
[0.383s] -- Added test 'lint_cmake' to check CMake code style
[0.383s] -- Added test 'pep257' to check Python code against some of the docstring style conventions in PEP 257
[0.384s] -- Added test 'xmllint' to check XML markup files
[0.386s] -- Configuring done
[0.395s] -- Generating done
[0.396s] -- Build files have been written to: /root/gym_ros_envs/build/my_gazebo_simulation
[0.413s] Invoked command in '/root/gym_ros_envs/build/my_gazebo_simulation' returned '0': CMAKE_PREFIX_PATH=${CMAKE_PREFIX_PATH}:/opt/ros/humble /usr/bin/cmake --build /root/gym_ros_envs/build/my_gazebo_simulation -- -j8 -l8
[0.437s] Invoking command in '/root/gym_ros_envs/build/my_gazebo_simulation': CMAKE_PREFIX_PATH=${CMAKE_PREFIX_PATH}:/opt/ros/humble /usr/bin/cmake --install /root/gym_ros_envs/build/my_gazebo_simulation
[0.441s] -- Install configuration: ""
[0.441s] -- Up-to-date: /root/gym_ros_envs/install/my_gazebo_simulation/share/my_gazebo_simulation/launch
[0.442s] -- Up-to-date: /root/gym_ros_envs/install/my_gazebo_simulation/share/my_gazebo_simulation/launch/my_custom_world.launch.py
[0.442s] -- Up-to-date: /root/gym_ros_envs/install/my_gazebo_simulation/share/my_gazebo_simulation/worlds
[0.442s] -- Up-to-date: /root/gym_ros_envs/install/my_gazebo_simulation/lib/my_gazebo_simulation
[0.442s] -- Up-to-date: /root/gym_ros_envs/install/my_gazebo_simulation/lib/my_gazebo_simulation/custom_turtlebot_env.py
[0.442s] -- Up-to-date: /root/gym_ros_envs/install/my_gazebo_simulation/lib/my_gazebo_simulation/train_trpo_turtlebot.py
[0.442s] -- Up-to-date: /root/gym_ros_envs/install/my_gazebo_simulation/lib/my_gazebo_simulation/train_trpo_turtlebot.py
[0.442s] -- Up-to-date: /root/gym_ros_envs/install/my_gazebo_simulation/share/ament_index/resource_index/package_run_dependencies/my_gazebo_simulation
[0.443s] -- Up-to-date: /root/gym_ros_envs/install/my_gazebo_simulation/share/ament_index/resource_index/parent_prefix_path/my_gazebo_simulation
[0.443s] -- Up-to-date: /root/gym_ros_envs/install/my_gazebo_simulation/share/my_gazebo_simulation/environment/ament_prefix_path.sh
[0.443s] -- Installing: /root/gym_ros_envs/install/my_gazebo_simulation/share/my_gazebo_simulation/environment/ament_prefix_path.dsv
[0.443s] -- Up-to-date: /root/gym_ros_envs/install/my_gazebo_simulation/share/my_gazebo_simulation/environment/path.sh
[0.443s] -- Installing: /root/gym_ros_envs/install/my_gazebo_simulation/share/my_gazebo_simulation/environment/path.dsv
[0.443s] -- Up-to-date: /root/gym_ros_envs/install/my_gazebo_simulation/share/my_gazebo_simulation/local_setup.bash
[0.443s] -- Up-to-date: /root/gym_ros_envs/install/my_gazebo_simulation/share/my_gazebo_simulation/local_setup.sh
[0.443s] -- Up-to-date: /root/gym_ros_envs/install/my_gazebo_simulation/share/my_gazebo_simulation/local_setup.zsh
[0.443s] -- Installing: /root/gym_ros_envs/install/my_gazebo_simulation/share/my_gazebo_simulation/local_setup.dsv
[0.444s] -- Installing: /root/gym_ros_envs/install/my_gazebo_simulation/share/my_gazebo_simulation/package.dsv
[0.444s] -- Up-to-date: /root/gym_ros_envs/install/my_gazebo_simulation/share/ament_index/resource_index/packages/my_gazebo_simulation
[0.444s] -- Up-to-date: /root/gym_ros_envs/install/my_gazebo_simulation/share/my_gazebo_simulation/cmake/my_gazebo_simulationConfig.cmake
[0.444s] -- Up-to-date: /root/gym_ros_envs/install/my_gazebo_simulation/share/my_gazebo_simulation/cmake/my_gazebo_simulationConfig-version.cmake
[0.444s] -- Up-to-date: /root/gym_ros_envs/install/my_gazebo_simulation/share/my_gazebo_simulation/package.xml
[0.445s] Invoked command in '/root/gym_ros_envs/build/my_gazebo_simulation' returned '0': CMAKE_PREFIX_PATH=${CMAKE_PREFIX_PATH}:/opt/ros/humble /usr/bin/cmake --install /root/gym_ros_envs/build/my_gazebo_simulation
