[0.550s] DEBUG:colcon:Command line arguments: ['/usr/bin/colcon', 'build']
[0.550s] DEBUG:colcon:Parsed command line arguments: Namespace(log_base=None, log_level=None, verb_name='build', build_base='build', install_base='install', merge_install=False, symlink_install=False, test_result_base=None, continue_on_error=False, executor='parallel', parallel_workers=8, event_handlers=None, ignore_user_meta=False, metas=['./colcon.meta'], base_paths=['.'], packages_ignore=None, packages_ignore_regex=None, paths=None, packages_up_to=None, packages_up_to_regex=None, packages_above=None, packages_above_and_dependencies=None, packages_above_depth=None, packages_select_by_dep=None, packages_skip_by_dep=None, packages_skip_up_to=None, packages_select_build_failed=False, packages_skip_build_finished=False, packages_select_test_failures=False, packages_skip_test_passed=False, packages_select=None, packages_skip=None, packages_select_regex=None, packages_skip_regex=None, packages_start=None, packages_end=None, allow_overriding=[], cmake_args=None, cmake_target=None, cmake_target_skip_unavailable=False, cmake_clean_cache=False, cmake_clean_first=False, cmake_force_configure=False, ament_cmake_args=None, catkin_cmake_args=None, catkin_skip_building_tests=False, mixin_files=None, mixin=None, verb_parser=<colcon_mixin.mixin.mixin_argument.MixinArgumentDecorator object at 0x7f41e765d300>, verb_extension=<colcon_core.verb.build.BuildVerb object at 0x7f41e781a2c0>, main=<bound method BuildVerb.main of <colcon_core.verb.build.BuildVerb object at 0x7f41e781a2c0>>, mixin_verb=('build',))
[0.871s] Level 1:colcon.colcon_core.package_discovery:discover_packages(colcon_meta) check parameters
[0.872s] Level 1:colcon.colcon_core.package_discovery:discover_packages(recursive) check parameters
[0.872s] Level 1:colcon.colcon_core.package_discovery:discover_packages(ignore) check parameters
[0.872s] Level 1:colcon.colcon_core.package_discovery:discover_packages(path) check parameters
[0.872s] Level 1:colcon.colcon_core.package_discovery:discover_packages(colcon_meta) discover
[0.872s] Level 1:colcon.colcon_core.package_discovery:discover_packages(recursive) discover
[0.872s] INFO:colcon.colcon_core.package_discovery:Crawling recursively for packages in '/root/gym_ros_envs'
[0.872s] Level 1:colcon.colcon_core.package_identification:_identify(.) by extensions ['ignore', 'ignore_ament_install']
[0.872s] Level 1:colcon.colcon_core.package_identification:_identify(.) by extension 'ignore'
[0.872s] Level 1:colcon.colcon_core.package_identification:_identify(.) by extension 'ignore_ament_install'
[0.872s] Level 1:colcon.colcon_core.package_identification:_identify(.) by extensions ['colcon_pkg']
[0.872s] Level 1:colcon.colcon_core.package_identification:_identify(.) by extension 'colcon_pkg'
[0.872s] Level 1:colcon.colcon_core.package_identification:_identify(.) by extensions ['colcon_meta']
[0.872s] Level 1:colcon.colcon_core.package_identification:_identify(.) by extension 'colcon_meta'
[0.872s] Level 1:colcon.colcon_core.package_identification:_identify(.) by extensions ['ros']
[0.873s] Level 1:colcon.colcon_core.package_identification:_identify(.) by extension 'ros'
[0.884s] Level 1:colcon.colcon_core.package_identification:_identify(.) by extensions ['cmake', 'python']
[0.884s] Level 1:colcon.colcon_core.package_identification:_identify(.) by extension 'cmake'
[0.884s] Level 1:colcon.colcon_core.package_identification:_identify(.) by extension 'python'
[0.884s] Level 1:colcon.colcon_core.package_identification:_identify(.) by extensions ['python_setup_py']
[0.884s] Level 1:colcon.colcon_core.package_identification:_identify(.) by extension 'python_setup_py'
[0.884s] Level 1:colcon.colcon_core.package_identification:_identify(build) by extensions ['ignore', 'ignore_ament_install']
[0.885s] Level 1:colcon.colcon_core.package_identification:_identify(build) by extension 'ignore'
[0.885s] Level 1:colcon.colcon_core.package_identification:_identify(build) ignored
[0.885s] Level 1:colcon.colcon_core.package_identification:_identify(install) by extensions ['ignore', 'ignore_ament_install']
[0.885s] Level 1:colcon.colcon_core.package_identification:_identify(install) by extension 'ignore'
[0.885s] Level 1:colcon.colcon_core.package_identification:_identify(install) ignored
[0.885s] Level 1:colcon.colcon_core.package_identification:_identify(log) by extensions ['ignore', 'ignore_ament_install']
[0.886s] Level 1:colcon.colcon_core.package_identification:_identify(log) by extension 'ignore'
[0.886s] Level 1:colcon.colcon_core.package_identification:_identify(log) ignored
[0.886s] Level 1:colcon.colcon_core.package_identification:_identify(src) by extensions ['ignore', 'ignore_ament_install']
[0.886s] Level 1:colcon.colcon_core.package_identification:_identify(src) by extension 'ignore'
[0.886s] Level 1:colcon.colcon_core.package_identification:_identify(src) by extension 'ignore_ament_install'
[0.886s] Level 1:colcon.colcon_core.package_identification:_identify(src) by extensions ['colcon_pkg']
[0.886s] Level 1:colcon.colcon_core.package_identification:_identify(src) by extension 'colcon_pkg'
[0.886s] Level 1:colcon.colcon_core.package_identification:_identify(src) by extensions ['colcon_meta']
[0.887s] Level 1:colcon.colcon_core.package_identification:_identify(src) by extension 'colcon_meta'
[0.887s] Level 1:colcon.colcon_core.package_identification:_identify(src) by extensions ['ros']
[0.887s] Level 1:colcon.colcon_core.package_identification:_identify(src) by extension 'ros'
[0.887s] Level 1:colcon.colcon_core.package_identification:_identify(src) by extensions ['cmake', 'python']
[0.887s] Level 1:colcon.colcon_core.package_identification:_identify(src) by extension 'cmake'
[0.887s] Level 1:colcon.colcon_core.package_identification:_identify(src) by extension 'python'
[0.887s] Level 1:colcon.colcon_core.package_identification:_identify(src) by extensions ['python_setup_py']
[0.887s] Level 1:colcon.colcon_core.package_identification:_identify(src) by extension 'python_setup_py'
[0.887s] Level 1:colcon.colcon_core.package_identification:_identify(src/my_gazebo_simulation) by extensions ['ignore', 'ignore_ament_install']
[0.887s] Level 1:colcon.colcon_core.package_identification:_identify(src/my_gazebo_simulation) by extension 'ignore'
[0.887s] Level 1:colcon.colcon_core.package_identification:_identify(src/my_gazebo_simulation) by extension 'ignore_ament_install'
[0.888s] Level 1:colcon.colcon_core.package_identification:_identify(src/my_gazebo_simulation) by extensions ['colcon_pkg']
[0.888s] Level 1:colcon.colcon_core.package_identification:_identify(src/my_gazebo_simulation) by extension 'colcon_pkg'
[0.888s] Level 1:colcon.colcon_core.package_identification:_identify(src/my_gazebo_simulation) by extensions ['colcon_meta']
[0.888s] Level 1:colcon.colcon_core.package_identification:_identify(src/my_gazebo_simulation) by extension 'colcon_meta'
[0.888s] Level 1:colcon.colcon_core.package_identification:_identify(src/my_gazebo_simulation) by extensions ['ros']
[0.888s] Level 1:colcon.colcon_core.package_identification:_identify(src/my_gazebo_simulation) by extension 'ros'
[0.891s] DEBUG:colcon.colcon_core.package_identification:Package 'src/my_gazebo_simulation' with type 'ros.ament_cmake' and name 'my_gazebo_simulation'
[0.892s] Level 1:colcon.colcon_core.package_identification:_identify(tests) by extensions ['ignore', 'ignore_ament_install']
[0.892s] Level 1:colcon.colcon_core.package_identification:_identify(tests) by extension 'ignore'
[0.892s] Level 1:colcon.colcon_core.package_identification:_identify(tests) by extension 'ignore_ament_install'
[0.892s] Level 1:colcon.colcon_core.package_identification:_identify(tests) by extensions ['colcon_pkg']
[0.892s] Level 1:colcon.colcon_core.package_identification:_identify(tests) by extension 'colcon_pkg'
[0.892s] Level 1:colcon.colcon_core.package_identification:_identify(tests) by extensions ['colcon_meta']
[0.892s] Level 1:colcon.colcon_core.package_identification:_identify(tests) by extension 'colcon_meta'
[0.892s] Level 1:colcon.colcon_core.package_identification:_identify(tests) by extensions ['ros']
[0.892s] Level 1:colcon.colcon_core.package_identification:_identify(tests) by extension 'ros'
[0.892s] Level 1:colcon.colcon_core.package_identification:_identify(tests) by extensions ['cmake', 'python']
[0.892s] Level 1:colcon.colcon_core.package_identification:_identify(tests) by extension 'cmake'
[0.892s] Level 1:colcon.colcon_core.package_identification:_identify(tests) by extension 'python'
[0.892s] Level 1:colcon.colcon_core.package_identification:_identify(tests) by extensions ['python_setup_py']
[0.892s] Level 1:colcon.colcon_core.package_identification:_identify(tests) by extension 'python_setup_py'
[0.893s] Level 1:colcon.colcon_core.package_discovery:discover_packages(recursive) using defaults
[0.893s] Level 1:colcon.colcon_core.package_discovery:discover_packages(ignore) discover
[0.893s] Level 1:colcon.colcon_core.package_discovery:discover_packages(ignore) using defaults
[0.893s] Level 1:colcon.colcon_core.package_discovery:discover_packages(path) discover
[0.893s] Level 1:colcon.colcon_core.package_discovery:discover_packages(path) using defaults
[0.974s] Level 1:colcon.colcon_core.package_discovery:discover_packages(prefix_path) check parameters
[0.974s] Level 1:colcon.colcon_core.package_discovery:discover_packages(prefix_path) discover
[0.978s] DEBUG:colcon.colcon_installed_package_information.package_discovery:Found 1 installed packages in /root/gym_ros_envs/install
[0.979s] DEBUG:colcon.colcon_installed_package_information.package_discovery:Found 335 installed packages in /opt/ros/humble
[0.991s] Level 1:colcon.colcon_core.package_discovery:discover_packages(prefix_path) using defaults
[1.033s] Level 5:colcon.colcon_core.verb:set package 'my_gazebo_simulation' build argument 'cmake_args' from command line to 'None'
[1.033s] Level 5:colcon.colcon_core.verb:set package 'my_gazebo_simulation' build argument 'cmake_target' from command line to 'None'
[1.033s] Level 5:colcon.colcon_core.verb:set package 'my_gazebo_simulation' build argument 'cmake_target_skip_unavailable' from command line to 'False'
[1.033s] Level 5:colcon.colcon_core.verb:set package 'my_gazebo_simulation' build argument 'cmake_clean_cache' from command line to 'False'
[1.033s] Level 5:colcon.colcon_core.verb:set package 'my_gazebo_simulation' build argument 'cmake_clean_first' from command line to 'False'
[1.033s] Level 5:colcon.colcon_core.verb:set package 'my_gazebo_simulation' build argument 'cmake_force_configure' from command line to 'False'
[1.033s] Level 5:colcon.colcon_core.verb:set package 'my_gazebo_simulation' build argument 'ament_cmake_args' from command line to 'None'
[1.033s] Level 5:colcon.colcon_core.verb:set package 'my_gazebo_simulation' build argument 'catkin_cmake_args' from command line to 'None'
[1.033s] Level 5:colcon.colcon_core.verb:set package 'my_gazebo_simulation' build argument 'catkin_skip_building_tests' from command line to 'False'
[1.033s] DEBUG:colcon.colcon_core.verb:Building package 'my_gazebo_simulation' with the following arguments: {'ament_cmake_args': None, 'build_base': '/root/gym_ros_envs/build/my_gazebo_simulation', 'catkin_cmake_args': None, 'catkin_skip_building_tests': False, 'cmake_args': None, 'cmake_clean_cache': False, 'cmake_clean_first': False, 'cmake_force_configure': False, 'cmake_target': None, 'cmake_target_skip_unavailable': False, 'install_base': '/root/gym_ros_envs/install/my_gazebo_simulation', 'merge_install': False, 'path': '/root/gym_ros_envs/src/my_gazebo_simulation', 'symlink_install': False, 'test_result_base': None}
[1.033s] INFO:colcon.colcon_core.executor:Executing jobs using 'parallel' executor
[1.035s] DEBUG:colcon.colcon_parallel_executor.executor.parallel:run_until_complete
[1.035s] INFO:colcon.colcon_ros.task.ament_cmake.build:Building ROS package in '/root/gym_ros_envs/src/my_gazebo_simulation' with build type 'ament_cmake'
[1.035s] INFO:colcon.colcon_cmake.task.cmake.build:Building CMake package in '/root/gym_ros_envs/src/my_gazebo_simulation'
[1.042s] INFO:colcon.colcon_core.plugin_system:Skipping extension 'colcon_core.shell.bat': Not used on non-Windows systems
[1.043s] INFO:colcon.colcon_core.shell:Skip shell extension 'powershell' for command environment: Not usable outside of PowerShell
[1.043s] DEBUG:colcon.colcon_core.shell:Skip shell extension 'dsv' for command environment
[1.061s] DEBUG:colcon.colcon_core.event_handler.log_command:Invoking command in '/root/gym_ros_envs/build/my_gazebo_simulation': CMAKE_PREFIX_PATH=${CMAKE_PREFIX_PATH}:/opt/ros/humble /usr/bin/cmake --build /root/gym_ros_envs/build/my_gazebo_simulation -- -j8 -l8
[1.133s] DEBUG:colcon.colcon_core.event_handler.log_command:Invoked command in '/root/gym_ros_envs/build/my_gazebo_simulation' returned '0': CMAKE_PREFIX_PATH=${CMAKE_PREFIX_PATH}:/opt/ros/humble /usr/bin/cmake --build /root/gym_ros_envs/build/my_gazebo_simulation -- -j8 -l8
[1.168s] DEBUG:colcon.colcon_core.event_handler.log_command:Invoking command in '/root/gym_ros_envs/build/my_gazebo_simulation': CMAKE_PREFIX_PATH=${CMAKE_PREFIX_PATH}:/opt/ros/humble /usr/bin/cmake --install /root/gym_ros_envs/build/my_gazebo_simulation
[1.183s] Level 1:colcon.colcon_core.environment:create_environment_scripts_only(my_gazebo_simulation)
[1.184s] DEBUG:colcon.colcon_core.event_handler.log_command:Invoked command in '/root/gym_ros_envs/build/my_gazebo_simulation' returned '0': CMAKE_PREFIX_PATH=${CMAKE_PREFIX_PATH}:/opt/ros/humble /usr/bin/cmake --install /root/gym_ros_envs/build/my_gazebo_simulation
[1.189s] Level 1:colcon.colcon_core.environment:checking '/root/gym_ros_envs/install/my_gazebo_simulation' for CMake module files
[1.190s] Level 1:colcon.colcon_core.environment:checking '/root/gym_ros_envs/install/my_gazebo_simulation' for CMake config files
[1.191s] Level 1:colcon.colcon_core.shell:create_environment_hook('my_gazebo_simulation', 'cmake_prefix_path')
[1.191s] INFO:colcon.colcon_core.shell:Creating environment hook '/root/gym_ros_envs/install/my_gazebo_simulation/share/my_gazebo_simulation/hook/cmake_prefix_path.ps1'
[1.193s] INFO:colcon.colcon_core.shell:Creating environment descriptor '/root/gym_ros_envs/install/my_gazebo_simulation/share/my_gazebo_simulation/hook/cmake_prefix_path.dsv'
[1.194s] INFO:colcon.colcon_core.shell:Creating environment hook '/root/gym_ros_envs/install/my_gazebo_simulation/share/my_gazebo_simulation/hook/cmake_prefix_path.sh'
[1.196s] Level 1:colcon.colcon_core.environment:checking '/root/gym_ros_envs/install/my_gazebo_simulation/lib'
[1.196s] Level 1:colcon.colcon_core.environment:checking '/root/gym_ros_envs/install/my_gazebo_simulation/bin'
[1.196s] Level 1:colcon.colcon_core.environment:checking '/root/gym_ros_envs/install/my_gazebo_simulation/lib/pkgconfig/my_gazebo_simulation.pc'
[1.197s] Level 1:colcon.colcon_core.environment:checking '/root/gym_ros_envs/install/my_gazebo_simulation/lib/python3.10/site-packages'
[1.197s] Level 1:colcon.colcon_core.environment:checking '/root/gym_ros_envs/install/my_gazebo_simulation/bin'
[1.198s] INFO:colcon.colcon_core.shell:Creating package script '/root/gym_ros_envs/install/my_gazebo_simulation/share/my_gazebo_simulation/package.ps1'
[1.199s] INFO:colcon.colcon_core.shell:Creating package descriptor '/root/gym_ros_envs/install/my_gazebo_simulation/share/my_gazebo_simulation/package.dsv'
[1.201s] INFO:colcon.colcon_core.shell:Creating package script '/root/gym_ros_envs/install/my_gazebo_simulation/share/my_gazebo_simulation/package.sh'
[1.202s] INFO:colcon.colcon_core.shell:Creating package script '/root/gym_ros_envs/install/my_gazebo_simulation/share/my_gazebo_simulation/package.bash'
[1.204s] INFO:colcon.colcon_core.shell:Creating package script '/root/gym_ros_envs/install/my_gazebo_simulation/share/my_gazebo_simulation/package.zsh'
[1.206s] Level 1:colcon.colcon_core.environment:create_file_with_runtime_dependencies(/root/gym_ros_envs/install/my_gazebo_simulation/share/colcon-core/packages/my_gazebo_simulation)
[1.230s] Level 1:colcon.colcon_core.environment:create_environment_scripts_only(my_gazebo_simulation)
[1.230s] Level 1:colcon.colcon_core.environment:checking '/root/gym_ros_envs/install/my_gazebo_simulation' for CMake module files
[1.231s] Level 1:colcon.colcon_core.environment:checking '/root/gym_ros_envs/install/my_gazebo_simulation' for CMake config files
[1.231s] Level 1:colcon.colcon_core.shell:create_environment_hook('my_gazebo_simulation', 'cmake_prefix_path')
[1.232s] INFO:colcon.colcon_core.shell:Creating environment hook '/root/gym_ros_envs/install/my_gazebo_simulation/share/my_gazebo_simulation/hook/cmake_prefix_path.ps1'
[1.232s] INFO:colcon.colcon_core.shell:Creating environment descriptor '/root/gym_ros_envs/install/my_gazebo_simulation/share/my_gazebo_simulation/hook/cmake_prefix_path.dsv'
[1.233s] INFO:colcon.colcon_core.shell:Creating environment hook '/root/gym_ros_envs/install/my_gazebo_simulation/share/my_gazebo_simulation/hook/cmake_prefix_path.sh'
[1.233s] Level 1:colcon.colcon_core.environment:checking '/root/gym_ros_envs/install/my_gazebo_simulation/lib'
[1.234s] Level 1:colcon.colcon_core.environment:checking '/root/gym_ros_envs/install/my_gazebo_simulation/bin'
[1.234s] Level 1:colcon.colcon_core.environment:checking '/root/gym_ros_envs/install/my_gazebo_simulation/lib/pkgconfig/my_gazebo_simulation.pc'
[1.234s] Level 1:colcon.colcon_core.environment:checking '/root/gym_ros_envs/install/my_gazebo_simulation/lib/python3.10/site-packages'
[1.234s] Level 1:colcon.colcon_core.environment:checking '/root/gym_ros_envs/install/my_gazebo_simulation/bin'
[1.235s] INFO:colcon.colcon_core.shell:Creating package script '/root/gym_ros_envs/install/my_gazebo_simulation/share/my_gazebo_simulation/package.ps1'
[1.236s] INFO:colcon.colcon_core.shell:Creating package descriptor '/root/gym_ros_envs/install/my_gazebo_simulation/share/my_gazebo_simulation/package.dsv'
[1.237s] INFO:colcon.colcon_core.shell:Creating package script '/root/gym_ros_envs/install/my_gazebo_simulation/share/my_gazebo_simulation/package.sh'
[1.237s] INFO:colcon.colcon_core.shell:Creating package script '/root/gym_ros_envs/install/my_gazebo_simulation/share/my_gazebo_simulation/package.bash'
[1.238s] INFO:colcon.colcon_core.shell:Creating package script '/root/gym_ros_envs/install/my_gazebo_simulation/share/my_gazebo_simulation/package.zsh'
[1.238s] Level 1:colcon.colcon_core.environment:create_file_with_runtime_dependencies(/root/gym_ros_envs/install/my_gazebo_simulation/share/colcon-core/packages/my_gazebo_simulation)
[1.239s] DEBUG:colcon.colcon_parallel_executor.executor.parallel:closing loop
[1.240s] DEBUG:colcon.colcon_parallel_executor.executor.parallel:loop closed
[1.240s] DEBUG:colcon.colcon_parallel_executor.executor.parallel:run_until_complete finished with '0'
[1.240s] DEBUG:colcon.colcon_core.event_reactor:joining thread
[1.343s] INFO:colcon.colcon_core.plugin_system:Skipping extension 'colcon_notification.desktop_notification.notify_send': Could not find 'notify-send'
[1.344s] INFO:colcon.colcon_core.plugin_system:Skipping extension 'colcon_notification.desktop_notification.terminal_notifier': Not used on non-Darwin systems
[1.344s] INFO:colcon.colcon_core.plugin_system:Skipping extension 'colcon_notification.desktop_notification.win32': Not used on non-Windows systems
[1.344s] INFO:colcon.colcon_notification.desktop_notification:Sending desktop notification using 'notify2'
[1.344s] DEBUG:colcon.colcon_notification.desktop_notification.notify2:Failed to initialize notify2: org.freedesktop.DBus.Error.FileNotFound: Failed to connect to socket /run/user/0/bus: No such file or directory
[1.344s] DEBUG:colcon.colcon_core.event_reactor:joined thread
[1.345s] INFO:colcon.colcon_core.shell:Creating prefix script '/root/gym_ros_envs/install/local_setup.ps1'
[1.348s] INFO:colcon.colcon_core.shell:Creating prefix util module '/root/gym_ros_envs/install/_local_setup_util_ps1.py'
[1.351s] INFO:colcon.colcon_core.shell:Creating prefix chain script '/root/gym_ros_envs/install/setup.ps1'
[1.353s] INFO:colcon.colcon_core.shell:Creating prefix script '/root/gym_ros_envs/install/local_setup.sh'
[1.355s] INFO:colcon.colcon_core.shell:Creating prefix util module '/root/gym_ros_envs/install/_local_setup_util_sh.py'
[1.355s] INFO:colcon.colcon_core.shell:Creating prefix chain script '/root/gym_ros_envs/install/setup.sh'
[1.357s] INFO:colcon.colcon_core.shell:Creating prefix script '/root/gym_ros_envs/install/local_setup.bash'
[1.358s] INFO:colcon.colcon_core.shell:Creating prefix chain script '/root/gym_ros_envs/install/setup.bash'
[1.360s] INFO:colcon.colcon_core.shell:Creating prefix script '/root/gym_ros_envs/install/local_setup.zsh'
[1.361s] INFO:colcon.colcon_core.shell:Creating prefix chain script '/root/gym_ros_envs/install/setup.zsh'
