[0.481s] DEBUG:colcon:Command line arguments: ['/usr/bin/colcon', 'build', '--packages-select', 'my_gazebo_simulation']
[0.482s] DEBUG:colcon:Parsed command line arguments: Namespace(log_base=None, log_level=None, verb_name='build', build_base='build', install_base='install', merge_install=False, symlink_install=False, test_result_base=None, continue_on_error=False, executor='parallel', parallel_workers=8, event_handlers=None, ignore_user_meta=False, metas=['./colcon.meta'], base_paths=['.'], packages_ignore=None, packages_ignore_regex=None, paths=None, packages_up_to=None, packages_up_to_regex=None, packages_above=None, packages_above_and_dependencies=None, packages_above_depth=None, packages_select_by_dep=None, packages_skip_by_dep=None, packages_skip_up_to=None, packages_select_build_failed=False, packages_skip_build_finished=False, packages_select_test_failures=False, packages_skip_test_passed=False, packages_select=['my_gazebo_simulation'], packages_skip=None, packages_select_regex=None, packages_skip_regex=None, packages_start=None, packages_end=None, allow_overriding=[], cmake_args=None, cmake_target=None, cmake_target_skip_unavailable=False, cmake_clean_cache=False, cmake_clean_first=False, cmake_force_configure=False, ament_cmake_args=None, catkin_cmake_args=None, catkin_skip_building_tests=False, mixin_files=None, mixin=None, verb_parser=<colcon_mixin.mixin.mixin_argument.MixinArgumentDecorator object at 0x7fc71ffc9c90>, verb_extension=<colcon_core.verb.build.BuildVerb object at 0x7fc720162320>, main=<bound method BuildVerb.main of <colcon_core.verb.build.BuildVerb object at 0x7fc720162320>>, mixin_verb=('build',))
[1.050s] Level 1:colcon.colcon_core.package_discovery:discover_packages(colcon_meta) check parameters
[1.050s] Level 1:colcon.colcon_core.package_discovery:discover_packages(recursive) check parameters
[1.050s] Level 1:colcon.colcon_core.package_discovery:discover_packages(ignore) check parameters
[1.050s] Level 1:colcon.colcon_core.package_discovery:discover_packages(path) check parameters
[1.050s] Level 1:colcon.colcon_core.package_discovery:discover_packages(colcon_meta) discover
[1.050s] Level 1:colcon.colcon_core.package_discovery:discover_packages(recursive) discover
[1.050s] INFO:colcon.colcon_core.package_discovery:Crawling recursively for packages in '/root/gym_ros_envs'
[1.051s] Level 1:colcon.colcon_core.package_identification:_identify(.) by extensions ['ignore', 'ignore_ament_install']
[1.051s] Level 1:colcon.colcon_core.package_identification:_identify(.) by extension 'ignore'
[1.051s] Level 1:colcon.colcon_core.package_identification:_identify(.) by extension 'ignore_ament_install'
[1.051s] Level 1:colcon.colcon_core.package_identification:_identify(.) by extensions ['colcon_pkg']
[1.051s] Level 1:colcon.colcon_core.package_identification:_identify(.) by extension 'colcon_pkg'
[1.051s] Level 1:colcon.colcon_core.package_identification:_identify(.) by extensions ['colcon_meta']
[1.051s] Level 1:colcon.colcon_core.package_identification:_identify(.) by extension 'colcon_meta'
[1.051s] Level 1:colcon.colcon_core.package_identification:_identify(.) by extensions ['ros']
[1.051s] Level 1:colcon.colcon_core.package_identification:_identify(.) by extension 'ros'
[1.071s] Level 1:colcon.colcon_core.package_identification:_identify(.) by extensions ['cmake', 'python']
[1.072s] Level 1:colcon.colcon_core.package_identification:_identify(.) by extension 'cmake'
[1.072s] Level 1:colcon.colcon_core.package_identification:_identify(.) by extension 'python'
[1.072s] Level 1:colcon.colcon_core.package_identification:_identify(.) by extensions ['python_setup_py']
[1.072s] Level 1:colcon.colcon_core.package_identification:_identify(.) by extension 'python_setup_py'
[1.073s] Level 1:colcon.colcon_core.package_identification:_identify(build) by extensions ['ignore', 'ignore_ament_install']
[1.073s] Level 1:colcon.colcon_core.package_identification:_identify(build) by extension 'ignore'
[1.073s] Level 1:colcon.colcon_core.package_identification:_identify(build) ignored
[1.073s] Level 1:colcon.colcon_core.package_identification:_identify(install) by extensions ['ignore', 'ignore_ament_install']
[1.073s] Level 1:colcon.colcon_core.package_identification:_identify(install) by extension 'ignore'
[1.074s] Level 1:colcon.colcon_core.package_identification:_identify(install) ignored
[1.074s] Level 1:colcon.colcon_core.package_identification:_identify(log) by extensions ['ignore', 'ignore_ament_install']
[1.074s] Level 1:colcon.colcon_core.package_identification:_identify(log) by extension 'ignore'
[1.074s] Level 1:colcon.colcon_core.package_identification:_identify(log) ignored
[1.075s] Level 1:colcon.colcon_core.package_identification:_identify(src) by extensions ['ignore', 'ignore_ament_install']
[1.075s] Level 1:colcon.colcon_core.package_identification:_identify(src) by extension 'ignore'
[1.075s] Level 1:colcon.colcon_core.package_identification:_identify(src) by extension 'ignore_ament_install'
[1.075s] Level 1:colcon.colcon_core.package_identification:_identify(src) by extensions ['colcon_pkg']
[1.075s] Level 1:colcon.colcon_core.package_identification:_identify(src) by extension 'colcon_pkg'
[1.075s] Level 1:colcon.colcon_core.package_identification:_identify(src) by extensions ['colcon_meta']
[1.075s] Level 1:colcon.colcon_core.package_identification:_identify(src) by extension 'colcon_meta'
[1.075s] Level 1:colcon.colcon_core.package_identification:_identify(src) by extensions ['ros']
[1.075s] Level 1:colcon.colcon_core.package_identification:_identify(src) by extension 'ros'
[1.076s] Level 1:colcon.colcon_core.package_identification:_identify(src) by extensions ['cmake', 'python']
[1.076s] Level 1:colcon.colcon_core.package_identification:_identify(src) by extension 'cmake'
[1.076s] Level 1:colcon.colcon_core.package_identification:_identify(src) by extension 'python'
[1.076s] Level 1:colcon.colcon_core.package_identification:_identify(src) by extensions ['python_setup_py']
[1.076s] Level 1:colcon.colcon_core.package_identification:_identify(src) by extension 'python_setup_py'
[1.076s] Level 1:colcon.colcon_core.package_identification:_identify(src/my_gazebo_simulation) by extensions ['ignore', 'ignore_ament_install']
[1.076s] Level 1:colcon.colcon_core.package_identification:_identify(src/my_gazebo_simulation) by extension 'ignore'
[1.076s] Level 1:colcon.colcon_core.package_identification:_identify(src/my_gazebo_simulation) by extension 'ignore_ament_install'
[1.077s] Level 1:colcon.colcon_core.package_identification:_identify(src/my_gazebo_simulation) by extensions ['colcon_pkg']
[1.077s] Level 1:colcon.colcon_core.package_identification:_identify(src/my_gazebo_simulation) by extension 'colcon_pkg'
[1.077s] Level 1:colcon.colcon_core.package_identification:_identify(src/my_gazebo_simulation) by extensions ['colcon_meta']
[1.077s] Level 1:colcon.colcon_core.package_identification:_identify(src/my_gazebo_simulation) by extension 'colcon_meta'
[1.077s] Level 1:colcon.colcon_core.package_identification:_identify(src/my_gazebo_simulation) by extensions ['ros']
[1.077s] Level 1:colcon.colcon_core.package_identification:_identify(src/my_gazebo_simulation) by extension 'ros'
[1.082s] DEBUG:colcon.colcon_core.package_identification:Package 'src/my_gazebo_simulation' with type 'ros.ament_cmake' and name 'my_gazebo_simulation'
[1.082s] Level 1:colcon.colcon_core.package_identification:_identify(tests) by extensions ['ignore', 'ignore_ament_install']
[1.082s] Level 1:colcon.colcon_core.package_identification:_identify(tests) by extension 'ignore'
[1.083s] Level 1:colcon.colcon_core.package_identification:_identify(tests) by extension 'ignore_ament_install'
[1.083s] Level 1:colcon.colcon_core.package_identification:_identify(tests) by extensions ['colcon_pkg']
[1.083s] Level 1:colcon.colcon_core.package_identification:_identify(tests) by extension 'colcon_pkg'
[1.083s] Level 1:colcon.colcon_core.package_identification:_identify(tests) by extensions ['colcon_meta']
[1.083s] Level 1:colcon.colcon_core.package_identification:_identify(tests) by extension 'colcon_meta'
[1.083s] Level 1:colcon.colcon_core.package_identification:_identify(tests) by extensions ['ros']
[1.083s] Level 1:colcon.colcon_core.package_identification:_identify(tests) by extension 'ros'
[1.083s] Level 1:colcon.colcon_core.package_identification:_identify(tests) by extensions ['cmake', 'python']
[1.083s] Level 1:colcon.colcon_core.package_identification:_identify(tests) by extension 'cmake'
[1.083s] Level 1:colcon.colcon_core.package_identification:_identify(tests) by extension 'python'
[1.083s] Level 1:colcon.colcon_core.package_identification:_identify(tests) by extensions ['python_setup_py']
[1.083s] Level 1:colcon.colcon_core.package_identification:_identify(tests) by extension 'python_setup_py'
[1.083s] Level 1:colcon.colcon_core.package_discovery:discover_packages(recursive) using defaults
[1.083s] Level 1:colcon.colcon_core.package_discovery:discover_packages(ignore) discover
[1.083s] Level 1:colcon.colcon_core.package_discovery:discover_packages(ignore) using defaults
[1.083s] Level 1:colcon.colcon_core.package_discovery:discover_packages(path) discover
[1.083s] Level 1:colcon.colcon_core.package_discovery:discover_packages(path) using defaults
[1.115s] Level 1:colcon.colcon_core.package_discovery:discover_packages(prefix_path) check parameters
[1.116s] Level 1:colcon.colcon_core.package_discovery:discover_packages(prefix_path) discover
[1.120s] DEBUG:colcon.colcon_installed_package_information.package_discovery:Found 335 installed packages in /opt/ros/humble
[1.142s] Level 1:colcon.colcon_core.package_discovery:discover_packages(prefix_path) using defaults
[1.194s] Level 5:colcon.colcon_core.verb:set package 'my_gazebo_simulation' build argument 'cmake_args' from command line to 'None'
[1.194s] Level 5:colcon.colcon_core.verb:set package 'my_gazebo_simulation' build argument 'cmake_target' from command line to 'None'
[1.194s] Level 5:colcon.colcon_core.verb:set package 'my_gazebo_simulation' build argument 'cmake_target_skip_unavailable' from command line to 'False'
[1.194s] Level 5:colcon.colcon_core.verb:set package 'my_gazebo_simulation' build argument 'cmake_clean_cache' from command line to 'False'
[1.194s] Level 5:colcon.colcon_core.verb:set package 'my_gazebo_simulation' build argument 'cmake_clean_first' from command line to 'False'
[1.194s] Level 5:colcon.colcon_core.verb:set package 'my_gazebo_simulation' build argument 'cmake_force_configure' from command line to 'False'
[1.194s] Level 5:colcon.colcon_core.verb:set package 'my_gazebo_simulation' build argument 'ament_cmake_args' from command line to 'None'
[1.194s] Level 5:colcon.colcon_core.verb:set package 'my_gazebo_simulation' build argument 'catkin_cmake_args' from command line to 'None'
[1.194s] Level 5:colcon.colcon_core.verb:set package 'my_gazebo_simulation' build argument 'catkin_skip_building_tests' from command line to 'False'
[1.194s] DEBUG:colcon.colcon_core.verb:Building package 'my_gazebo_simulation' with the following arguments: {'ament_cmake_args': None, 'build_base': '/root/gym_ros_envs/build/my_gazebo_simulation', 'catkin_cmake_args': None, 'catkin_skip_building_tests': False, 'cmake_args': None, 'cmake_clean_cache': False, 'cmake_clean_first': False, 'cmake_force_configure': False, 'cmake_target': None, 'cmake_target_skip_unavailable': False, 'install_base': '/root/gym_ros_envs/install/my_gazebo_simulation', 'merge_install': False, 'path': '/root/gym_ros_envs/src/my_gazebo_simulation', 'symlink_install': False, 'test_result_base': None}
[1.194s] INFO:colcon.colcon_core.executor:Executing jobs using 'parallel' executor
[1.196s] DEBUG:colcon.colcon_parallel_executor.executor.parallel:run_until_complete
[1.196s] INFO:colcon.colcon_ros.task.ament_cmake.build:Building ROS package in '/root/gym_ros_envs/src/my_gazebo_simulation' with build type 'ament_cmake'
[1.196s] INFO:colcon.colcon_cmake.task.cmake.build:Building CMake package in '/root/gym_ros_envs/src/my_gazebo_simulation'
[1.203s] INFO:colcon.colcon_core.plugin_system:Skipping extension 'colcon_core.shell.bat': Not used on non-Windows systems
[1.203s] INFO:colcon.colcon_core.shell:Skip shell extension 'powershell' for command environment: Not usable outside of PowerShell
[1.203s] DEBUG:colcon.colcon_core.shell:Skip shell extension 'dsv' for command environment
[1.213s] DEBUG:colcon.colcon_core.event_handler.log_command:Invoking command in '/root/gym_ros_envs/build/my_gazebo_simulation': CMAKE_PREFIX_PATH=/opt/ros/humble /usr/bin/cmake /root/gym_ros_envs/src/my_gazebo_simulation -DCMAKE_INSTALL_PREFIX=/root/gym_ros_envs/install/my_gazebo_simulation
[3.664s] DEBUG:colcon.colcon_core.event_handler.log_command:Invoked command in '/root/gym_ros_envs/build/my_gazebo_simulation' returned '0': CMAKE_PREFIX_PATH=/opt/ros/humble /usr/bin/cmake /root/gym_ros_envs/src/my_gazebo_simulation -DCMAKE_INSTALL_PREFIX=/root/gym_ros_envs/install/my_gazebo_simulation
[3.666s] DEBUG:colcon.colcon_core.event_handler.log_command:Invoking command in '/root/gym_ros_envs/build/my_gazebo_simulation': CMAKE_PREFIX_PATH=/opt/ros/humble /usr/bin/cmake --build /root/gym_ros_envs/build/my_gazebo_simulation -- -j8 -l8
[3.700s] DEBUG:colcon.colcon_core.event_handler.log_command:Invoked command in '/root/gym_ros_envs/build/my_gazebo_simulation' returned '0': CMAKE_PREFIX_PATH=/opt/ros/humble /usr/bin/cmake --build /root/gym_ros_envs/build/my_gazebo_simulation -- -j8 -l8
[3.727s] DEBUG:colcon.colcon_core.event_handler.log_command:Invoking command in '/root/gym_ros_envs/build/my_gazebo_simulation': CMAKE_PREFIX_PATH=/opt/ros/humble /usr/bin/cmake --install /root/gym_ros_envs/build/my_gazebo_simulation
[3.740s] Level 1:colcon.colcon_core.environment:create_environment_scripts_only(my_gazebo_simulation)
[3.741s] DEBUG:colcon.colcon_core.event_handler.log_command:Invoked command in '/root/gym_ros_envs/build/my_gazebo_simulation' returned '0': CMAKE_PREFIX_PATH=/opt/ros/humble /usr/bin/cmake --install /root/gym_ros_envs/build/my_gazebo_simulation
[3.748s] Level 1:colcon.colcon_core.environment:checking '/root/gym_ros_envs/install/my_gazebo_simulation' for CMake module files
[3.749s] Level 1:colcon.colcon_core.environment:checking '/root/gym_ros_envs/install/my_gazebo_simulation' for CMake config files
[3.749s] Level 1:colcon.colcon_core.shell:create_environment_hook('my_gazebo_simulation', 'cmake_prefix_path')
[3.749s] INFO:colcon.colcon_core.shell:Creating environment hook '/root/gym_ros_envs/install/my_gazebo_simulation/share/my_gazebo_simulation/hook/cmake_prefix_path.ps1'
[3.750s] INFO:colcon.colcon_core.shell:Creating environment descriptor '/root/gym_ros_envs/install/my_gazebo_simulation/share/my_gazebo_simulation/hook/cmake_prefix_path.dsv'
[3.751s] INFO:colcon.colcon_core.shell:Creating environment hook '/root/gym_ros_envs/install/my_gazebo_simulation/share/my_gazebo_simulation/hook/cmake_prefix_path.sh'
[3.752s] Level 1:colcon.colcon_core.environment:checking '/root/gym_ros_envs/install/my_gazebo_simulation/bin'
[3.752s] Level 1:colcon.colcon_core.environment:checking '/root/gym_ros_envs/install/my_gazebo_simulation/lib/pkgconfig/my_gazebo_simulation.pc'
[3.753s] Level 1:colcon.colcon_core.environment:checking '/root/gym_ros_envs/install/my_gazebo_simulation/lib/python3.10/site-packages'
[3.753s] Level 1:colcon.colcon_core.environment:checking '/root/gym_ros_envs/install/my_gazebo_simulation/bin'
[3.753s] INFO:colcon.colcon_core.shell:Creating package script '/root/gym_ros_envs/install/my_gazebo_simulation/share/my_gazebo_simulation/package.ps1'
[3.754s] INFO:colcon.colcon_core.shell:Creating package descriptor '/root/gym_ros_envs/install/my_gazebo_simulation/share/my_gazebo_simulation/package.dsv'
[3.755s] INFO:colcon.colcon_core.shell:Creating package script '/root/gym_ros_envs/install/my_gazebo_simulation/share/my_gazebo_simulation/package.sh'
[3.756s] INFO:colcon.colcon_core.shell:Creating package script '/root/gym_ros_envs/install/my_gazebo_simulation/share/my_gazebo_simulation/package.bash'
[3.757s] INFO:colcon.colcon_core.shell:Creating package script '/root/gym_ros_envs/install/my_gazebo_simulation/share/my_gazebo_simulation/package.zsh'
[3.758s] Level 1:colcon.colcon_core.environment:create_file_with_runtime_dependencies(/root/gym_ros_envs/install/my_gazebo_simulation/share/colcon-core/packages/my_gazebo_simulation)
[3.775s] Level 1:colcon.colcon_core.environment:create_environment_scripts_only(my_gazebo_simulation)
[3.775s] Level 1:colcon.colcon_core.environment:checking '/root/gym_ros_envs/install/my_gazebo_simulation' for CMake module files
[3.775s] Level 1:colcon.colcon_core.environment:checking '/root/gym_ros_envs/install/my_gazebo_simulation' for CMake config files
[3.776s] Level 1:colcon.colcon_core.shell:create_environment_hook('my_gazebo_simulation', 'cmake_prefix_path')
[3.776s] INFO:colcon.colcon_core.shell:Creating environment hook '/root/gym_ros_envs/install/my_gazebo_simulation/share/my_gazebo_simulation/hook/cmake_prefix_path.ps1'
[3.776s] INFO:colcon.colcon_core.shell:Creating environment descriptor '/root/gym_ros_envs/install/my_gazebo_simulation/share/my_gazebo_simulation/hook/cmake_prefix_path.dsv'
[3.776s] INFO:colcon.colcon_core.shell:Creating environment hook '/root/gym_ros_envs/install/my_gazebo_simulation/share/my_gazebo_simulation/hook/cmake_prefix_path.sh'
[3.777s] Level 1:colcon.colcon_core.environment:checking '/root/gym_ros_envs/install/my_gazebo_simulation/bin'
[3.777s] Level 1:colcon.colcon_core.environment:checking '/root/gym_ros_envs/install/my_gazebo_simulation/lib/pkgconfig/my_gazebo_simulation.pc'
[3.777s] Level 1:colcon.colcon_core.environment:checking '/root/gym_ros_envs/install/my_gazebo_simulation/lib/python3.10/site-packages'
[3.777s] Level 1:colcon.colcon_core.environment:checking '/root/gym_ros_envs/install/my_gazebo_simulation/bin'
[3.778s] INFO:colcon.colcon_core.shell:Creating package script '/root/gym_ros_envs/install/my_gazebo_simulation/share/my_gazebo_simulation/package.ps1'
[3.778s] INFO:colcon.colcon_core.shell:Creating package descriptor '/root/gym_ros_envs/install/my_gazebo_simulation/share/my_gazebo_simulation/package.dsv'
[3.779s] INFO:colcon.colcon_core.shell:Creating package script '/root/gym_ros_envs/install/my_gazebo_simulation/share/my_gazebo_simulation/package.sh'
[3.779s] INFO:colcon.colcon_core.shell:Creating package script '/root/gym_ros_envs/install/my_gazebo_simulation/share/my_gazebo_simulation/package.bash'
[3.779s] INFO:colcon.colcon_core.shell:Creating package script '/root/gym_ros_envs/install/my_gazebo_simulation/share/my_gazebo_simulation/package.zsh'
[3.780s] Level 1:colcon.colcon_core.environment:create_file_with_runtime_dependencies(/root/gym_ros_envs/install/my_gazebo_simulation/share/colcon-core/packages/my_gazebo_simulation)
[3.780s] DEBUG:colcon.colcon_parallel_executor.executor.parallel:closing loop
[3.780s] DEBUG:colcon.colcon_parallel_executor.executor.parallel:loop closed
[3.781s] DEBUG:colcon.colcon_parallel_executor.executor.parallel:run_until_complete finished with '0'
[3.781s] DEBUG:colcon.colcon_core.event_reactor:joining thread
[3.840s] INFO:colcon.colcon_core.plugin_system:Skipping extension 'colcon_notification.desktop_notification.notify_send': Could not find 'notify-send'
[3.840s] INFO:colcon.colcon_core.plugin_system:Skipping extension 'colcon_notification.desktop_notification.terminal_notifier': Not used on non-Darwin systems
[3.840s] INFO:colcon.colcon_core.plugin_system:Skipping extension 'colcon_notification.desktop_notification.win32': Not used on non-Windows systems
[3.841s] INFO:colcon.colcon_notification.desktop_notification:Sending desktop notification using 'notify2'
[3.842s] DEBUG:colcon.colcon_notification.desktop_notification.notify2:Failed to initialize notify2: org.freedesktop.DBus.Error.FileNotFound: Failed to connect to socket /run/user/0/bus: No such file or directory
[3.842s] DEBUG:colcon.colcon_core.event_reactor:joined thread
[3.842s] INFO:colcon.colcon_core.shell:Creating prefix script '/root/gym_ros_envs/install/local_setup.ps1'
[3.843s] INFO:colcon.colcon_core.shell:Creating prefix util module '/root/gym_ros_envs/install/_local_setup_util_ps1.py'
[3.845s] INFO:colcon.colcon_core.shell:Creating prefix chain script '/root/gym_ros_envs/install/setup.ps1'
[3.846s] INFO:colcon.colcon_core.shell:Creating prefix script '/root/gym_ros_envs/install/local_setup.sh'
[3.847s] INFO:colcon.colcon_core.shell:Creating prefix util module '/root/gym_ros_envs/install/_local_setup_util_sh.py'
[3.847s] INFO:colcon.colcon_core.shell:Creating prefix chain script '/root/gym_ros_envs/install/setup.sh'
[3.848s] INFO:colcon.colcon_core.shell:Creating prefix script '/root/gym_ros_envs/install/local_setup.bash'
[3.849s] INFO:colcon.colcon_core.shell:Creating prefix chain script '/root/gym_ros_envs/install/setup.bash'
[3.850s] INFO:colcon.colcon_core.shell:Creating prefix script '/root/gym_ros_envs/install/local_setup.zsh'
[3.851s] INFO:colcon.colcon_core.shell:Creating prefix chain script '/root/gym_ros_envs/install/setup.zsh'
