[0.030s] Invoking command in '/root/gym_ros_envs/build/my_gazebo_simulation': CMAKE_PREFIX_PATH=${CMAKE_PREFIX_PATH}:/opt/ros/humble /usr/bin/cmake --build /root/gym_ros_envs/build/my_gazebo_simulation -- -j8 -l8
[0.064s] -- Found ament_cmake: 1.3.10 (/opt/ros/humble/share/ament_cmake/cmake)
[0.241s] -- Found ament_lint_auto: 0.12.11 (/opt/ros/humble/share/ament_lint_auto/cmake)
[0.337s] -- Added test 'flake8' to check Python code syntax and style conventions
[0.337s] -- Added test 'lint_cmake' to check CMake code style
[0.338s] -- Added test 'pep257' to check Python code against some of the docstring style conventions in PEP 257
[0.340s] -- Added test 'xmllint' to check XML markup files
[0.342s] -- Configuring done
[0.350s] -- Generating done
[0.351s] -- Build files have been written to: /root/gym_ros_envs/build/my_gazebo_simulation
[0.372s] Invoked command in '/root/gym_ros_envs/build/my_gazebo_simulation' returned '0': CMAKE_PREFIX_PATH=${CMAKE_PREFIX_PATH}:/opt/ros/humble /usr/bin/cmake --build /root/gym_ros_envs/build/my_gazebo_simulation -- -j8 -l8
[0.402s] Invoking command in '/root/gym_ros_envs/build/my_gazebo_simulation': CMAKE_PREFIX_PATH=${CMAKE_PREFIX_PATH}:/opt/ros/humble /usr/bin/cmake --install /root/gym_ros_envs/build/my_gazebo_simulation
[0.408s] -- Install configuration: ""
[0.408s] -- Installing: /root/gym_ros_envs/install/my_gazebo_simulation/share/my_gazebo_simulation/launch
[0.409s] -- Installing: /root/gym_ros_envs/install/my_gazebo_simulation/share/my_gazebo_simulation/launch/my_custom_world.launch.py
[0.410s] -- Installing: /root/gym_ros_envs/install/my_gazebo_simulation/share/my_gazebo_simulation/worlds
[0.411s] -- Installing: /root/gym_ros_envs/install/my_gazebo_simulation/lib/my_gazebo_simulation
[0.412s] -- Installing: /root/gym_ros_envs/install/my_gazebo_simulation/lib/my_gazebo_simulation/custom_turtlebot_env.py
[0.413s] -- Installing: /root/gym_ros_envs/install/my_gazebo_simulation/lib/my_gazebo_simulation/train_trpo_turtlebot.py
[0.414s] -- Up-to-date: /root/gym_ros_envs/install/my_gazebo_simulation/share/ament_index/resource_index/package_run_dependencies/my_gazebo_simulation
[0.414s] -- Installing: /root/gym_ros_envs/install/my_gazebo_simulation/share/ament_index/resource_index/parent_prefix_path/my_gazebo_simulation
[0.414s] -- Up-to-date: /root/gym_ros_envs/install/my_gazebo_simulation/share/my_gazebo_simulation/environment/ament_prefix_path.sh
[0.415s] -- Installing: /root/gym_ros_envs/install/my_gazebo_simulation/share/my_gazebo_simulation/environment/ament_prefix_path.dsv
[0.415s] -- Up-to-date: /root/gym_ros_envs/install/my_gazebo_simulation/share/my_gazebo_simulation/environment/path.sh
[0.415s] -- Installing: /root/gym_ros_envs/install/my_gazebo_simulation/share/my_gazebo_simulation/environment/path.dsv
[0.416s] -- Up-to-date: /root/gym_ros_envs/install/my_gazebo_simulation/share/my_gazebo_simulation/local_setup.bash
[0.416s] -- Up-to-date: /root/gym_ros_envs/install/my_gazebo_simulation/share/my_gazebo_simulation/local_setup.sh
[0.416s] -- Up-to-date: /root/gym_ros_envs/install/my_gazebo_simulation/share/my_gazebo_simulation/local_setup.zsh
[0.416s] -- Installing: /root/gym_ros_envs/install/my_gazebo_simulation/share/my_gazebo_simulation/local_setup.dsv
[0.416s] -- Installing: /root/gym_ros_envs/install/my_gazebo_simulation/share/my_gazebo_simulation/package.dsv
[0.417s] -- Up-to-date: /root/gym_ros_envs/install/my_gazebo_simulation/share/ament_index/resource_index/packages/my_gazebo_simulation
[0.417s] -- Up-to-date: /root/gym_ros_envs/install/my_gazebo_simulation/share/my_gazebo_simulation/cmake/my_gazebo_simulationConfig.cmake
[0.417s] -- Up-to-date: /root/gym_ros_envs/install/my_gazebo_simulation/share/my_gazebo_simulation/cmake/my_gazebo_simulationConfig-version.cmake
[0.417s] -- Up-to-date: /root/gym_ros_envs/install/my_gazebo_simulation/share/my_gazebo_simulation/package.xml
[0.421s] Invoked command in '/root/gym_ros_envs/build/my_gazebo_simulation' returned '0': CMAKE_PREFIX_PATH=${CMAKE_PREFIX_PATH}:/opt/ros/humble /usr/bin/cmake --install /root/gym_ros_envs/build/my_gazebo_simulation
