-- Install configuration: ""
-- Up-to-date: /home/aj_karti/RLSimulationTesting/install/my_gazebo_simulation/share/my_gazebo_simulation/launch
-- Up-to-date: /home/aj_karti/RLSimulationTesting/install/my_gazebo_simulation/share/my_gazebo_simulation/launch/my_custom_world.launch.py
-- Up-to-date: /home/aj_karti/RLSimulationTesting/install/my_gazebo_simulation/share/my_gazebo_simulation/worlds
-- Up-to-date: /home/aj_karti/RLSimulationTesting/install/my_gazebo_simulation/share/my_gazebo_simulation/worlds/RLTestingENV
-- Up-to-date: /home/aj_karti/RLSimulationTesting/install/my_gazebo_simulation/lib/my_gazebo_simulation
-- Installing: /home/aj_karti/RLSimulationTesting/install/my_gazebo_simulation/lib/my_gazebo_simulation/train_trpo_turtlebot.py
-- Up-to-date: /home/aj_karti/RLSimulationTesting/install/my_gazebo_simulation/lib/my_gazebo_simulation/custom_turtlebot_env.py
-- Up-to-date: /home/aj_karti/RLSimulationTesting/install/my_gazebo_simulation/lib/my_gazebo_simulation/__init__.py
-- Up-to-date: /home/aj_karti/RLSimulationTesting/install/my_gazebo_simulation/lib/my_gazebo_simulation/train_trpo_turtlebot.py
-- Up-to-date: /home/aj_karti/RLSimulationTesting/install/my_gazebo_simulation/share/ament_index/resource_index/package_run_dependencies/my_gazebo_simulation
-- Up-to-date: /home/aj_karti/RLSimulationTesting/install/my_gazebo_simulation/share/ament_index/resource_index/parent_prefix_path/my_gazebo_simulation
-- Up-to-date: /home/aj_karti/RLSimulationTesting/install/my_gazebo_simulation/share/my_gazebo_simulation/environment/ament_prefix_path.sh
-- Up-to-date: /home/aj_karti/RLSimulationTesting/install/my_gazebo_simulation/share/my_gazebo_simulation/environment/ament_prefix_path.dsv
-- Up-to-date: /home/aj_karti/RLSimulationTesting/install/my_gazebo_simulation/share/my_gazebo_simulation/environment/path.sh
-- Up-to-date: /home/aj_karti/RLSimulationTesting/install/my_gazebo_simulation/share/my_gazebo_simulation/environment/path.dsv
-- Up-to-date: /home/aj_karti/RLSimulationTesting/install/my_gazebo_simulation/share/my_gazebo_simulation/local_setup.bash
-- Up-to-date: /home/aj_karti/RLSimulationTesting/install/my_gazebo_simulation/share/my_gazebo_simulation/local_setup.sh
-- Up-to-date: /home/aj_karti/RLSimulationTesting/install/my_gazebo_simulation/share/my_gazebo_simulation/local_setup.zsh
-- Up-to-date: /home/aj_karti/RLSimulationTesting/install/my_gazebo_simulation/share/my_gazebo_simulation/local_setup.dsv
-- Up-to-date: /home/aj_karti/RLSimulationTesting/install/my_gazebo_simulation/share/my_gazebo_simulation/package.dsv
-- Up-to-date: /home/aj_karti/RLSimulationTesting/install/my_gazebo_simulation/share/ament_index/resource_index/packages/my_gazebo_simulation
-- Up-to-date: /home/aj_karti/RLSimulationTesting/install/my_gazebo_simulation/share/my_gazebo_simulation/cmake/my_gazebo_simulationConfig.cmake
-- Up-to-date: /home/aj_karti/RLSimulationTesting/install/my_gazebo_simulation/share/my_gazebo_simulation/cmake/my_gazebo_simulationConfig-version.cmake
-- Up-to-date: /home/aj_karti/RLSimulationTesting/install/my_gazebo_simulation/share/my_gazebo_simulation/package.xml
