[0.389s] DEBUG:colcon:Command line arguments: ['/usr/bin/colcon', 'build', '--packages-select', 'my_gazebo_simulation']
[0.390s] DEBUG:colcon:Parsed command line arguments: Namespace(log_base=None, log_level=None, verb_name='build', build_base='build', install_base='install', merge_install=False, symlink_install=False, test_result_base=None, continue_on_error=False, executor='parallel', parallel_workers=16, event_handlers=None, ignore_user_meta=False, metas=['./colcon.meta'], base_paths=['.'], packages_ignore=None, packages_ignore_regex=None, paths=None, packages_up_to=None, packages_up_to_regex=None, packages_above=None, packages_above_and_dependencies=None, packages_above_depth=None, packages_select_by_dep=None, packages_skip_by_dep=None, packages_skip_up_to=None, packages_select_build_failed=False, packages_skip_build_finished=False, packages_select_test_failures=False, packages_skip_test_passed=False, packages_select=['my_gazebo_simulation'], packages_skip=None, packages_select_regex=None, packages_skip_regex=None, packages_start=None, packages_end=None, allow_overriding=[], cmake_args=None, cmake_target=None, cmake_target_skip_unavailable=False, cmake_clean_cache=False, cmake_clean_first=False, cmake_force_configure=False, ament_cmake_args=None, catkin_cmake_args=None, catkin_skip_building_tests=False, verb_parser=<colcon_defaults.argument_parser.defaults.DefaultArgumentsDecorator object at 0x7fb2d8d131f0>, verb_extension=<colcon_core.verb.build.BuildVerb object at 0x7fb2d8e97dc0>, main=<bound method BuildVerb.main of <colcon_core.verb.build.BuildVerb object at 0x7fb2d8e97dc0>>)
[0.962s] Level 1:colcon.colcon_core.package_discovery:discover_packages(colcon_meta) check parameters
[0.962s] Level 1:colcon.colcon_core.package_discovery:discover_packages(recursive) check parameters
[0.963s] Level 1:colcon.colcon_core.package_discovery:discover_packages(ignore) check parameters
[0.963s] Level 1:colcon.colcon_core.package_discovery:discover_packages(path) check parameters
[0.963s] Level 1:colcon.colcon_core.package_discovery:discover_packages(colcon_meta) discover
[0.963s] Level 1:colcon.colcon_core.package_discovery:discover_packages(recursive) discover
[0.963s] INFO:colcon.colcon_core.package_discovery:Crawling recursively for packages in '/home/aj_karti/RLSimulationTesting'
[0.964s] Level 1:colcon.colcon_core.package_identification:_identify(.) by extensions ['ignore', 'ignore_ament_install']
[0.964s] Level 1:colcon.colcon_core.package_identification:_identify(.) by extension 'ignore'
[0.965s] Level 1:colcon.colcon_core.package_identification:_identify(.) by extension 'ignore_ament_install'
[0.965s] Level 1:colcon.colcon_core.package_identification:_identify(.) by extensions ['colcon_pkg']
[0.965s] Level 1:colcon.colcon_core.package_identification:_identify(.) by extension 'colcon_pkg'
[0.965s] Level 1:colcon.colcon_core.package_identification:_identify(.) by extensions ['colcon_meta']
[0.965s] Level 1:colcon.colcon_core.package_identification:_identify(.) by extension 'colcon_meta'
[0.965s] Level 1:colcon.colcon_core.package_identification:_identify(.) by extensions ['ros']
[0.965s] Level 1:colcon.colcon_core.package_identification:_identify(.) by extension 'ros'
[1.013s] Level 1:colcon.colcon_core.package_identification:_identify(.) by extensions ['cmake', 'python']
[1.013s] Level 1:colcon.colcon_core.package_identification:_identify(.) by extension 'cmake'
[1.013s] Level 1:colcon.colcon_core.package_identification:_identify(.) by extension 'python'
[1.014s] Level 1:colcon.colcon_core.package_identification:_identify(.) by extensions ['python_setup_py']
[1.014s] Level 1:colcon.colcon_core.package_identification:_identify(.) by extension 'python_setup_py'
[1.014s] Level 1:colcon.colcon_core.package_identification:_identify(build) by extensions ['ignore', 'ignore_ament_install']
[1.014s] Level 1:colcon.colcon_core.package_identification:_identify(build) by extension 'ignore'
[1.014s] Level 1:colcon.colcon_core.package_identification:_identify(build) ignored
[1.015s] Level 1:colcon.colcon_core.package_identification:_identify(install) by extensions ['ignore', 'ignore_ament_install']
[1.015s] Level 1:colcon.colcon_core.package_identification:_identify(install) by extension 'ignore'
[1.015s] Level 1:colcon.colcon_core.package_identification:_identify(install) ignored
[1.015s] Level 1:colcon.colcon_core.package_identification:_identify(log) by extensions ['ignore', 'ignore_ament_install']
[1.016s] Level 1:colcon.colcon_core.package_identification:_identify(log) by extension 'ignore'
[1.016s] Level 1:colcon.colcon_core.package_identification:_identify(log) ignored
[1.016s] Level 1:colcon.colcon_core.package_identification:_identify(logs) by extensions ['ignore', 'ignore_ament_install']
[1.017s] Level 1:colcon.colcon_core.package_identification:_identify(logs) by extension 'ignore'
[1.017s] Level 1:colcon.colcon_core.package_identification:_identify(logs) by extension 'ignore_ament_install'
[1.017s] Level 1:colcon.colcon_core.package_identification:_identify(logs) by extensions ['colcon_pkg']
[1.017s] Level 1:colcon.colcon_core.package_identification:_identify(logs) by extension 'colcon_pkg'
[1.017s] Level 1:colcon.colcon_core.package_identification:_identify(logs) by extensions ['colcon_meta']
[1.017s] Level 1:colcon.colcon_core.package_identification:_identify(logs) by extension 'colcon_meta'
[1.017s] Level 1:colcon.colcon_core.package_identification:_identify(logs) by extensions ['ros']
[1.017s] Level 1:colcon.colcon_core.package_identification:_identify(logs) by extension 'ros'
[1.018s] Level 1:colcon.colcon_core.package_identification:_identify(logs) by extensions ['cmake', 'python']
[1.018s] Level 1:colcon.colcon_core.package_identification:_identify(logs) by extension 'cmake'
[1.018s] Level 1:colcon.colcon_core.package_identification:_identify(logs) by extension 'python'
[1.018s] Level 1:colcon.colcon_core.package_identification:_identify(logs) by extensions ['python_setup_py']
[1.018s] Level 1:colcon.colcon_core.package_identification:_identify(logs) by extension 'python_setup_py'
[1.019s] Level 1:colcon.colcon_core.package_identification:_identify(src) by extensions ['ignore', 'ignore_ament_install']
[1.019s] Level 1:colcon.colcon_core.package_identification:_identify(src) by extension 'ignore'
[1.019s] Level 1:colcon.colcon_core.package_identification:_identify(src) by extension 'ignore_ament_install'
[1.019s] Level 1:colcon.colcon_core.package_identification:_identify(src) by extensions ['colcon_pkg']
[1.019s] Level 1:colcon.colcon_core.package_identification:_identify(src) by extension 'colcon_pkg'
[1.019s] Level 1:colcon.colcon_core.package_identification:_identify(src) by extensions ['colcon_meta']
[1.019s] Level 1:colcon.colcon_core.package_identification:_identify(src) by extension 'colcon_meta'
[1.020s] Level 1:colcon.colcon_core.package_identification:_identify(src) by extensions ['ros']
[1.020s] Level 1:colcon.colcon_core.package_identification:_identify(src) by extension 'ros'
[1.020s] Level 1:colcon.colcon_core.package_identification:_identify(src) by extensions ['cmake', 'python']
[1.020s] Level 1:colcon.colcon_core.package_identification:_identify(src) by extension 'cmake'
[1.020s] Level 1:colcon.colcon_core.package_identification:_identify(src) by extension 'python'
[1.020s] Level 1:colcon.colcon_core.package_identification:_identify(src) by extensions ['python_setup_py']
[1.020s] Level 1:colcon.colcon_core.package_identification:_identify(src) by extension 'python_setup_py'
[1.021s] Level 1:colcon.colcon_core.package_identification:_identify(src/my_gazebo_simulation) by extensions ['ignore', 'ignore_ament_install']
[1.021s] Level 1:colcon.colcon_core.package_identification:_identify(src/my_gazebo_simulation) by extension 'ignore'
[1.021s] Level 1:colcon.colcon_core.package_identification:_identify(src/my_gazebo_simulation) by extension 'ignore_ament_install'
[1.021s] Level 1:colcon.colcon_core.package_identification:_identify(src/my_gazebo_simulation) by extensions ['colcon_pkg']
[1.021s] Level 1:colcon.colcon_core.package_identification:_identify(src/my_gazebo_simulation) by extension 'colcon_pkg'
[1.022s] Level 1:colcon.colcon_core.package_identification:_identify(src/my_gazebo_simulation) by extensions ['colcon_meta']
[1.022s] Level 1:colcon.colcon_core.package_identification:_identify(src/my_gazebo_simulation) by extension 'colcon_meta'
[1.022s] Level 1:colcon.colcon_core.package_identification:_identify(src/my_gazebo_simulation) by extensions ['ros']
[1.022s] Level 1:colcon.colcon_core.package_identification:_identify(src/my_gazebo_simulation) by extension 'ros'
[1.031s] DEBUG:colcon.colcon_core.package_identification:Package 'src/my_gazebo_simulation' with type 'ros.ament_cmake' and name 'my_gazebo_simulation'
[1.031s] Level 1:colcon.colcon_core.package_identification:_identify(tests) by extensions ['ignore', 'ignore_ament_install']
[1.032s] Level 1:colcon.colcon_core.package_identification:_identify(tests) by extension 'ignore'
[1.032s] Level 1:colcon.colcon_core.package_identification:_identify(tests) by extension 'ignore_ament_install'
[1.032s] Level 1:colcon.colcon_core.package_identification:_identify(tests) by extensions ['colcon_pkg']
[1.032s] Level 1:colcon.colcon_core.package_identification:_identify(tests) by extension 'colcon_pkg'
[1.032s] Level 1:colcon.colcon_core.package_identification:_identify(tests) by extensions ['colcon_meta']
[1.032s] Level 1:colcon.colcon_core.package_identification:_identify(tests) by extension 'colcon_meta'
[1.032s] Level 1:colcon.colcon_core.package_identification:_identify(tests) by extensions ['ros']
[1.032s] Level 1:colcon.colcon_core.package_identification:_identify(tests) by extension 'ros'
[1.032s] Level 1:colcon.colcon_core.package_identification:_identify(tests) by extensions ['cmake', 'python']
[1.033s] Level 1:colcon.colcon_core.package_identification:_identify(tests) by extension 'cmake'
[1.033s] Level 1:colcon.colcon_core.package_identification:_identify(tests) by extension 'python'
[1.033s] Level 1:colcon.colcon_core.package_identification:_identify(tests) by extensions ['python_setup_py']
[1.033s] Level 1:colcon.colcon_core.package_identification:_identify(tests) by extension 'python_setup_py'
[1.033s] Level 1:colcon.colcon_core.package_discovery:discover_packages(recursive) using defaults
[1.033s] Level 1:colcon.colcon_core.package_discovery:discover_packages(ignore) discover
[1.033s] Level 1:colcon.colcon_core.package_discovery:discover_packages(ignore) using defaults
[1.033s] Level 1:colcon.colcon_core.package_discovery:discover_packages(path) discover
[1.033s] Level 1:colcon.colcon_core.package_discovery:discover_packages(path) using defaults
[1.114s] Level 1:colcon.colcon_core.package_discovery:discover_packages(prefix_path) check parameters
[1.115s] Level 1:colcon.colcon_core.package_discovery:discover_packages(prefix_path) discover
[1.120s] DEBUG:colcon.colcon_installed_package_information.package_discovery:Found 1 installed packages in /home/aj_karti/RLSimulationTesting/install
[1.122s] DEBUG:colcon.colcon_installed_package_information.package_discovery:Found 308 installed packages in /opt/ros/humble
[1.127s] Level 1:colcon.colcon_core.package_discovery:discover_packages(prefix_path) using defaults
[1.224s] Level 5:colcon.colcon_core.verb:set package 'my_gazebo_simulation' build argument 'cmake_args' from command line to 'None'
[1.224s] Level 5:colcon.colcon_core.verb:set package 'my_gazebo_simulation' build argument 'cmake_target' from command line to 'None'
[1.224s] Level 5:colcon.colcon_core.verb:set package 'my_gazebo_simulation' build argument 'cmake_target_skip_unavailable' from command line to 'False'
[1.224s] Level 5:colcon.colcon_core.verb:set package 'my_gazebo_simulation' build argument 'cmake_clean_cache' from command line to 'False'
[1.224s] Level 5:colcon.colcon_core.verb:set package 'my_gazebo_simulation' build argument 'cmake_clean_first' from command line to 'False'
[1.224s] Level 5:colcon.colcon_core.verb:set package 'my_gazebo_simulation' build argument 'cmake_force_configure' from command line to 'False'
[1.224s] Level 5:colcon.colcon_core.verb:set package 'my_gazebo_simulation' build argument 'ament_cmake_args' from command line to 'None'
[1.224s] Level 5:colcon.colcon_core.verb:set package 'my_gazebo_simulation' build argument 'catkin_cmake_args' from command line to 'None'
[1.224s] Level 5:colcon.colcon_core.verb:set package 'my_gazebo_simulation' build argument 'catkin_skip_building_tests' from command line to 'False'
[1.224s] DEBUG:colcon.colcon_core.verb:Building package 'my_gazebo_simulation' with the following arguments: {'ament_cmake_args': None, 'build_base': '/home/aj_karti/RLSimulationTesting/build/my_gazebo_simulation', 'catkin_cmake_args': None, 'catkin_skip_building_tests': False, 'cmake_args': None, 'cmake_clean_cache': False, 'cmake_clean_first': False, 'cmake_force_configure': False, 'cmake_target': None, 'cmake_target_skip_unavailable': False, 'install_base': '/home/aj_karti/RLSimulationTesting/install/my_gazebo_simulation', 'merge_install': False, 'path': '/home/aj_karti/RLSimulationTesting/src/my_gazebo_simulation', 'symlink_install': False, 'test_result_base': None}
[1.225s] INFO:colcon.colcon_core.executor:Executing jobs using 'parallel' executor
[1.226s] DEBUG:colcon.colcon_parallel_executor.executor.parallel:run_until_complete
[1.227s] INFO:colcon.colcon_ros.task.ament_cmake.build:Building ROS package in '/home/aj_karti/RLSimulationTesting/src/my_gazebo_simulation' with build type 'ament_cmake'
[1.228s] INFO:colcon.colcon_cmake.task.cmake.build:Building CMake package in '/home/aj_karti/RLSimulationTesting/src/my_gazebo_simulation'
[1.238s] INFO:colcon.colcon_core.plugin_system:Skipping extension 'colcon_core.shell.bat': Not used on non-Windows systems
[1.239s] INFO:colcon.colcon_core.shell:Skip shell extension 'powershell' for command environment: Not usable outside of PowerShell
[1.239s] DEBUG:colcon.colcon_core.shell:Skip shell extension 'dsv' for command environment
[1.260s] DEBUG:colcon.colcon_core.event_handler.log_command:Invoking command in '/home/aj_karti/RLSimulationTesting/build/my_gazebo_simulation': CMAKE_PREFIX_PATH=${CMAKE_PREFIX_PATH}:/opt/ros/humble /usr/bin/cmake --build /home/aj_karti/RLSimulationTesting/build/my_gazebo_simulation -- -j16 -l16
[1.408s] DEBUG:colcon.colcon_core.event_handler.log_command:Invoked command in '/home/aj_karti/RLSimulationTesting/build/my_gazebo_simulation' returned '0': CMAKE_PREFIX_PATH=${CMAKE_PREFIX_PATH}:/opt/ros/humble /usr/bin/cmake --build /home/aj_karti/RLSimulationTesting/build/my_gazebo_simulation -- -j16 -l16
[1.424s] DEBUG:colcon.colcon_core.event_handler.log_command:Invoking command in '/home/aj_karti/RLSimulationTesting/build/my_gazebo_simulation': CMAKE_PREFIX_PATH=${CMAKE_PREFIX_PATH}:/opt/ros/humble /usr/bin/cmake --install /home/aj_karti/RLSimulationTesting/build/my_gazebo_simulation
[1.449s] Level 1:colcon.colcon_core.environment:create_environment_scripts_only(my_gazebo_simulation)
[1.450s] DEBUG:colcon.colcon_core.event_handler.log_command:Invoked command in '/home/aj_karti/RLSimulationTesting/build/my_gazebo_simulation' returned '0': CMAKE_PREFIX_PATH=${CMAKE_PREFIX_PATH}:/opt/ros/humble /usr/bin/cmake --install /home/aj_karti/RLSimulationTesting/build/my_gazebo_simulation
[1.457s] Level 1:colcon.colcon_core.environment:checking '/home/aj_karti/RLSimulationTesting/install/my_gazebo_simulation' for CMake module files
[1.458s] Level 1:colcon.colcon_core.environment:checking '/home/aj_karti/RLSimulationTesting/install/my_gazebo_simulation' for CMake config files
[1.459s] Level 1:colcon.colcon_core.shell:create_environment_hook('my_gazebo_simulation', 'cmake_prefix_path')
[1.460s] INFO:colcon.colcon_core.shell:Creating environment hook '/home/aj_karti/RLSimulationTesting/install/my_gazebo_simulation/share/my_gazebo_simulation/hook/cmake_prefix_path.ps1'
[1.461s] INFO:colcon.colcon_core.shell:Creating environment descriptor '/home/aj_karti/RLSimulationTesting/install/my_gazebo_simulation/share/my_gazebo_simulation/hook/cmake_prefix_path.dsv'
[1.462s] INFO:colcon.colcon_core.shell:Creating environment hook '/home/aj_karti/RLSimulationTesting/install/my_gazebo_simulation/share/my_gazebo_simulation/hook/cmake_prefix_path.sh'
[1.464s] Level 1:colcon.colcon_core.environment:checking '/home/aj_karti/RLSimulationTesting/install/my_gazebo_simulation/lib'
[1.464s] Level 1:colcon.colcon_core.environment:checking '/home/aj_karti/RLSimulationTesting/install/my_gazebo_simulation/bin'
[1.464s] Level 1:colcon.colcon_core.environment:checking '/home/aj_karti/RLSimulationTesting/install/my_gazebo_simulation/lib/pkgconfig/my_gazebo_simulation.pc'
[1.464s] Level 1:colcon.colcon_core.environment:checking '/home/aj_karti/RLSimulationTesting/install/my_gazebo_simulation/lib/python3.10/site-packages'
[1.465s] Level 1:colcon.colcon_core.environment:checking '/home/aj_karti/RLSimulationTesting/install/my_gazebo_simulation/bin'
[1.465s] INFO:colcon.colcon_core.shell:Creating package script '/home/aj_karti/RLSimulationTesting/install/my_gazebo_simulation/share/my_gazebo_simulation/package.ps1'
[1.467s] INFO:colcon.colcon_core.shell:Creating package descriptor '/home/aj_karti/RLSimulationTesting/install/my_gazebo_simulation/share/my_gazebo_simulation/package.dsv'
[1.468s] INFO:colcon.colcon_core.shell:Creating package script '/home/aj_karti/RLSimulationTesting/install/my_gazebo_simulation/share/my_gazebo_simulation/package.sh'
[1.470s] INFO:colcon.colcon_core.shell:Creating package script '/home/aj_karti/RLSimulationTesting/install/my_gazebo_simulation/share/my_gazebo_simulation/package.bash'
[1.472s] INFO:colcon.colcon_core.shell:Creating package script '/home/aj_karti/RLSimulationTesting/install/my_gazebo_simulation/share/my_gazebo_simulation/package.zsh'
[1.474s] Level 1:colcon.colcon_core.environment:create_file_with_runtime_dependencies(/home/aj_karti/RLSimulationTesting/install/my_gazebo_simulation/share/colcon-core/packages/my_gazebo_simulation)
[1.475s] Level 1:colcon.colcon_core.environment:create_environment_scripts_only(my_gazebo_simulation)
[1.475s] Level 1:colcon.colcon_core.environment:checking '/home/aj_karti/RLSimulationTesting/install/my_gazebo_simulation' for CMake module files
[1.476s] Level 1:colcon.colcon_core.environment:checking '/home/aj_karti/RLSimulationTesting/install/my_gazebo_simulation' for CMake config files
[1.477s] Level 1:colcon.colcon_core.shell:create_environment_hook('my_gazebo_simulation', 'cmake_prefix_path')
[1.477s] INFO:colcon.colcon_core.shell:Creating environment hook '/home/aj_karti/RLSimulationTesting/install/my_gazebo_simulation/share/my_gazebo_simulation/hook/cmake_prefix_path.ps1'
[1.478s] INFO:colcon.colcon_core.shell:Creating environment descriptor '/home/aj_karti/RLSimulationTesting/install/my_gazebo_simulation/share/my_gazebo_simulation/hook/cmake_prefix_path.dsv'
[1.479s] INFO:colcon.colcon_core.shell:Creating environment hook '/home/aj_karti/RLSimulationTesting/install/my_gazebo_simulation/share/my_gazebo_simulation/hook/cmake_prefix_path.sh'
[1.480s] Level 1:colcon.colcon_core.environment:checking '/home/aj_karti/RLSimulationTesting/install/my_gazebo_simulation/lib'
[1.480s] Level 1:colcon.colcon_core.environment:checking '/home/aj_karti/RLSimulationTesting/install/my_gazebo_simulation/bin'
[1.480s] Level 1:colcon.colcon_core.environment:checking '/home/aj_karti/RLSimulationTesting/install/my_gazebo_simulation/lib/pkgconfig/my_gazebo_simulation.pc'
[1.480s] Level 1:colcon.colcon_core.environment:checking '/home/aj_karti/RLSimulationTesting/install/my_gazebo_simulation/lib/python3.10/site-packages'
[1.480s] Level 1:colcon.colcon_core.environment:checking '/home/aj_karti/RLSimulationTesting/install/my_gazebo_simulation/bin'
[1.481s] INFO:colcon.colcon_core.shell:Creating package script '/home/aj_karti/RLSimulationTesting/install/my_gazebo_simulation/share/my_gazebo_simulation/package.ps1'
[1.482s] INFO:colcon.colcon_core.shell:Creating package descriptor '/home/aj_karti/RLSimulationTesting/install/my_gazebo_simulation/share/my_gazebo_simulation/package.dsv'
[1.483s] INFO:colcon.colcon_core.shell:Creating package script '/home/aj_karti/RLSimulationTesting/install/my_gazebo_simulation/share/my_gazebo_simulation/package.sh'
[1.483s] INFO:colcon.colcon_core.shell:Creating package script '/home/aj_karti/RLSimulationTesting/install/my_gazebo_simulation/share/my_gazebo_simulation/package.bash'
[1.484s] INFO:colcon.colcon_core.shell:Creating package script '/home/aj_karti/RLSimulationTesting/install/my_gazebo_simulation/share/my_gazebo_simulation/package.zsh'
[1.485s] Level 1:colcon.colcon_core.environment:create_file_with_runtime_dependencies(/home/aj_karti/RLSimulationTesting/install/my_gazebo_simulation/share/colcon-core/packages/my_gazebo_simulation)
[1.485s] DEBUG:colcon.colcon_parallel_executor.executor.parallel:closing loop
[1.487s] DEBUG:colcon.colcon_parallel_executor.executor.parallel:loop closed
[1.487s] DEBUG:colcon.colcon_parallel_executor.executor.parallel:run_until_complete finished with '0'
[1.487s] DEBUG:colcon.colcon_core.event_reactor:joining thread
[1.524s] INFO:colcon.colcon_core.plugin_system:Skipping extension 'colcon_notification.desktop_notification.notify_send': Could not find 'notify-send'
[1.524s] INFO:colcon.colcon_core.plugin_system:Skipping extension 'colcon_notification.desktop_notification.terminal_notifier': Not used on non-Darwin systems
[1.524s] INFO:colcon.colcon_core.plugin_system:Skipping extension 'colcon_notification.desktop_notification.win32': Not used on non-Windows systems
[1.525s] INFO:colcon.colcon_notification.desktop_notification:Sending desktop notification using 'notify2'
[1.525s] DEBUG:colcon.colcon_notification.desktop_notification.notify2:Failed to initialize notify2: org.freedesktop.DBus.Error.FileNotFound: Failed to connect to socket /run/user/1000/bus: No such file or directory
[1.525s] DEBUG:colcon.colcon_core.event_reactor:joined thread
[1.526s] INFO:colcon.colcon_core.shell:Creating prefix script '/home/aj_karti/RLSimulationTesting/install/local_setup.ps1'
[1.528s] INFO:colcon.colcon_core.shell:Creating prefix util module '/home/aj_karti/RLSimulationTesting/install/_local_setup_util_ps1.py'
[1.531s] INFO:colcon.colcon_core.shell:Creating prefix chain script '/home/aj_karti/RLSimulationTesting/install/setup.ps1'
[1.533s] INFO:colcon.colcon_core.shell:Creating prefix script '/home/aj_karti/RLSimulationTesting/install/local_setup.sh'
[1.535s] INFO:colcon.colcon_core.shell:Creating prefix util module '/home/aj_karti/RLSimulationTesting/install/_local_setup_util_sh.py'
[1.536s] INFO:colcon.colcon_core.shell:Creating prefix chain script '/home/aj_karti/RLSimulationTesting/install/setup.sh'
[1.538s] INFO:colcon.colcon_core.shell:Creating prefix script '/home/aj_karti/RLSimulationTesting/install/local_setup.bash'
[1.539s] INFO:colcon.colcon_core.shell:Creating prefix chain script '/home/aj_karti/RLSimulationTesting/install/setup.bash'
[1.541s] INFO:colcon.colcon_core.shell:Creating prefix script '/home/aj_karti/RLSimulationTesting/install/local_setup.zsh'
[1.542s] INFO:colcon.colcon_core.shell:Creating prefix chain script '/home/aj_karti/RLSimulationTesting/install/setup.zsh'
