[0.223s] DEBUG:colcon:Command line arguments: ['/usr/bin/colcon', 'build', '--packages-select', 'my_gazebo_simulation']
[0.224s] DEBUG:colcon:Parsed command line arguments: Namespace(log_base=None, log_level=None, verb_name='build', build_base='build', install_base='install', merge_install=False, symlink_install=False, test_result_base=None, continue_on_error=False, executor='parallel', parallel_workers=16, event_handlers=None, ignore_user_meta=False, metas=['./colcon.meta'], base_paths=['.'], packages_ignore=None, packages_ignore_regex=None, paths=None, packages_up_to=None, packages_up_to_regex=None, packages_above=None, packages_above_and_dependencies=None, packages_above_depth=None, packages_select_by_dep=None, packages_skip_by_dep=None, packages_skip_up_to=None, packages_select_build_failed=False, packages_skip_build_finished=False, packages_select_test_failures=False, packages_skip_test_passed=False, packages_select=['my_gazebo_simulation'], packages_skip=None, packages_select_regex=None, packages_skip_regex=None, packages_start=None, packages_end=None, allow_overriding=[], cmake_args=None, cmake_target=None, cmake_target_skip_unavailable=False, cmake_clean_cache=False, cmake_clean_first=False, cmake_force_configure=False, ament_cmake_args=None, catkin_cmake_args=None, catkin_skip_building_tests=False, verb_parser=<colcon_defaults.argument_parser.defaults.DefaultArgumentsDecorator object at 0x7efe5c3bb250>, verb_extension=<colcon_core.verb.build.BuildVerb object at 0x7efe5c53be20>, main=<bound method BuildVerb.main of <colcon_core.verb.build.BuildVerb object at 0x7efe5c53be20>>)
[0.525s] Level 1:colcon.colcon_core.package_discovery:discover_packages(colcon_meta) check parameters
[0.525s] Level 1:colcon.colcon_core.package_discovery:discover_packages(recursive) check parameters
[0.525s] Level 1:colcon.colcon_core.package_discovery:discover_packages(ignore) check parameters
[0.525s] Level 1:colcon.colcon_core.package_discovery:discover_packages(path) check parameters
[0.525s] Level 1:colcon.colcon_core.package_discovery:discover_packages(colcon_meta) discover
[0.525s] Level 1:colcon.colcon_core.package_discovery:discover_packages(recursive) discover
[0.526s] INFO:colcon.colcon_core.package_discovery:Crawling recursively for packages in '/home/aj_karti/RLSimulationTesting'
[0.526s] Level 1:colcon.colcon_core.package_identification:_identify(.) by extensions ['ignore', 'ignore_ament_install']
[0.526s] Level 1:colcon.colcon_core.package_identification:_identify(.) by extension 'ignore'
[0.526s] Level 1:colcon.colcon_core.package_identification:_identify(.) by extension 'ignore_ament_install'
[0.526s] Level 1:colcon.colcon_core.package_identification:_identify(.) by extensions ['colcon_pkg']
[0.526s] Level 1:colcon.colcon_core.package_identification:_identify(.) by extension 'colcon_pkg'
[0.526s] Level 1:colcon.colcon_core.package_identification:_identify(.) by extensions ['colcon_meta']
[0.526s] Level 1:colcon.colcon_core.package_identification:_identify(.) by extension 'colcon_meta'
[0.526s] Level 1:colcon.colcon_core.package_identification:_identify(.) by extensions ['ros']
[0.526s] Level 1:colcon.colcon_core.package_identification:_identify(.) by extension 'ros'
[0.545s] Level 1:colcon.colcon_core.package_identification:_identify(.) by extensions ['cmake', 'python']
[0.545s] Level 1:colcon.colcon_core.package_identification:_identify(.) by extension 'cmake'
[0.545s] Level 1:colcon.colcon_core.package_identification:_identify(.) by extension 'python'
[0.545s] Level 1:colcon.colcon_core.package_identification:_identify(.) by extensions ['python_setup_py']
[0.545s] Level 1:colcon.colcon_core.package_identification:_identify(.) by extension 'python_setup_py'
[0.545s] Level 1:colcon.colcon_core.package_identification:_identify(build) by extensions ['ignore', 'ignore_ament_install']
[0.546s] Level 1:colcon.colcon_core.package_identification:_identify(build) by extension 'ignore'
[0.546s] Level 1:colcon.colcon_core.package_identification:_identify(build) ignored
[0.546s] Level 1:colcon.colcon_core.package_identification:_identify(install) by extensions ['ignore', 'ignore_ament_install']
[0.546s] Level 1:colcon.colcon_core.package_identification:_identify(install) by extension 'ignore'
[0.546s] Level 1:colcon.colcon_core.package_identification:_identify(install) ignored
[0.547s] Level 1:colcon.colcon_core.package_identification:_identify(log) by extensions ['ignore', 'ignore_ament_install']
[0.547s] Level 1:colcon.colcon_core.package_identification:_identify(log) by extension 'ignore'
[0.547s] Level 1:colcon.colcon_core.package_identification:_identify(log) ignored
[0.547s] Level 1:colcon.colcon_core.package_identification:_identify(logs) by extensions ['ignore', 'ignore_ament_install']
[0.547s] Level 1:colcon.colcon_core.package_identification:_identify(logs) by extension 'ignore'
[0.547s] Level 1:colcon.colcon_core.package_identification:_identify(logs) by extension 'ignore_ament_install'
[0.547s] Level 1:colcon.colcon_core.package_identification:_identify(logs) by extensions ['colcon_pkg']
[0.548s] Level 1:colcon.colcon_core.package_identification:_identify(logs) by extension 'colcon_pkg'
[0.548s] Level 1:colcon.colcon_core.package_identification:_identify(logs) by extensions ['colcon_meta']
[0.548s] Level 1:colcon.colcon_core.package_identification:_identify(logs) by extension 'colcon_meta'
[0.548s] Level 1:colcon.colcon_core.package_identification:_identify(logs) by extensions ['ros']
[0.548s] Level 1:colcon.colcon_core.package_identification:_identify(logs) by extension 'ros'
[0.548s] Level 1:colcon.colcon_core.package_identification:_identify(logs) by extensions ['cmake', 'python']
[0.548s] Level 1:colcon.colcon_core.package_identification:_identify(logs) by extension 'cmake'
[0.548s] Level 1:colcon.colcon_core.package_identification:_identify(logs) by extension 'python'
[0.548s] Level 1:colcon.colcon_core.package_identification:_identify(logs) by extensions ['python_setup_py']
[0.548s] Level 1:colcon.colcon_core.package_identification:_identify(logs) by extension 'python_setup_py'
[0.548s] Level 1:colcon.colcon_core.package_identification:_identify(src) by extensions ['ignore', 'ignore_ament_install']
[0.548s] Level 1:colcon.colcon_core.package_identification:_identify(src) by extension 'ignore'
[0.549s] Level 1:colcon.colcon_core.package_identification:_identify(src) by extension 'ignore_ament_install'
[0.549s] Level 1:colcon.colcon_core.package_identification:_identify(src) by extensions ['colcon_pkg']
[0.549s] Level 1:colcon.colcon_core.package_identification:_identify(src) by extension 'colcon_pkg'
[0.549s] Level 1:colcon.colcon_core.package_identification:_identify(src) by extensions ['colcon_meta']
[0.549s] Level 1:colcon.colcon_core.package_identification:_identify(src) by extension 'colcon_meta'
[0.549s] Level 1:colcon.colcon_core.package_identification:_identify(src) by extensions ['ros']
[0.549s] Level 1:colcon.colcon_core.package_identification:_identify(src) by extension 'ros'
[0.549s] Level 1:colcon.colcon_core.package_identification:_identify(src) by extensions ['cmake', 'python']
[0.550s] Level 1:colcon.colcon_core.package_identification:_identify(src) by extension 'cmake'
[0.550s] Level 1:colcon.colcon_core.package_identification:_identify(src) by extension 'python'
[0.550s] Level 1:colcon.colcon_core.package_identification:_identify(src) by extensions ['python_setup_py']
[0.550s] Level 1:colcon.colcon_core.package_identification:_identify(src) by extension 'python_setup_py'
[0.550s] Level 1:colcon.colcon_core.package_identification:_identify(src/my_gazebo_simulation) by extensions ['ignore', 'ignore_ament_install']
[0.550s] Level 1:colcon.colcon_core.package_identification:_identify(src/my_gazebo_simulation) by extension 'ignore'
[0.551s] Level 1:colcon.colcon_core.package_identification:_identify(src/my_gazebo_simulation) by extension 'ignore_ament_install'
[0.551s] Level 1:colcon.colcon_core.package_identification:_identify(src/my_gazebo_simulation) by extensions ['colcon_pkg']
[0.551s] Level 1:colcon.colcon_core.package_identification:_identify(src/my_gazebo_simulation) by extension 'colcon_pkg'
[0.551s] Level 1:colcon.colcon_core.package_identification:_identify(src/my_gazebo_simulation) by extensions ['colcon_meta']
[0.551s] Level 1:colcon.colcon_core.package_identification:_identify(src/my_gazebo_simulation) by extension 'colcon_meta'
[0.551s] Level 1:colcon.colcon_core.package_identification:_identify(src/my_gazebo_simulation) by extensions ['ros']
[0.551s] Level 1:colcon.colcon_core.package_identification:_identify(src/my_gazebo_simulation) by extension 'ros'
[0.555s] DEBUG:colcon.colcon_core.package_identification:Package 'src/my_gazebo_simulation' with type 'ros.ament_cmake' and name 'my_gazebo_simulation'
[0.556s] Level 1:colcon.colcon_core.package_identification:_identify(tests) by extensions ['ignore', 'ignore_ament_install']
[0.556s] Level 1:colcon.colcon_core.package_identification:_identify(tests) by extension 'ignore'
[0.556s] Level 1:colcon.colcon_core.package_identification:_identify(tests) by extension 'ignore_ament_install'
[0.556s] Level 1:colcon.colcon_core.package_identification:_identify(tests) by extensions ['colcon_pkg']
[0.556s] Level 1:colcon.colcon_core.package_identification:_identify(tests) by extension 'colcon_pkg'
[0.556s] Level 1:colcon.colcon_core.package_identification:_identify(tests) by extensions ['colcon_meta']
[0.556s] Level 1:colcon.colcon_core.package_identification:_identify(tests) by extension 'colcon_meta'
[0.556s] Level 1:colcon.colcon_core.package_identification:_identify(tests) by extensions ['ros']
[0.557s] Level 1:colcon.colcon_core.package_identification:_identify(tests) by extension 'ros'
[0.557s] Level 1:colcon.colcon_core.package_identification:_identify(tests) by extensions ['cmake', 'python']
[0.557s] Level 1:colcon.colcon_core.package_identification:_identify(tests) by extension 'cmake'
[0.557s] Level 1:colcon.colcon_core.package_identification:_identify(tests) by extension 'python'
[0.557s] Level 1:colcon.colcon_core.package_identification:_identify(tests) by extensions ['python_setup_py']
[0.557s] Level 1:colcon.colcon_core.package_identification:_identify(tests) by extension 'python_setup_py'
[0.557s] Level 1:colcon.colcon_core.package_discovery:discover_packages(recursive) using defaults
[0.557s] Level 1:colcon.colcon_core.package_discovery:discover_packages(ignore) discover
[0.557s] Level 1:colcon.colcon_core.package_discovery:discover_packages(ignore) using defaults
[0.557s] Level 1:colcon.colcon_core.package_discovery:discover_packages(path) discover
[0.557s] Level 1:colcon.colcon_core.package_discovery:discover_packages(path) using defaults
[0.607s] Level 1:colcon.colcon_core.package_discovery:discover_packages(prefix_path) check parameters
[0.607s] Level 1:colcon.colcon_core.package_discovery:discover_packages(prefix_path) discover
[0.610s] DEBUG:colcon.colcon_installed_package_information.package_discovery:Found 1 installed packages in /home/aj_karti/RLSimulationTesting/install
[0.613s] DEBUG:colcon.colcon_installed_package_information.package_discovery:Found 308 installed packages in /opt/ros/humble
[0.615s] Level 1:colcon.colcon_core.package_discovery:discover_packages(prefix_path) using defaults
[0.686s] Level 5:colcon.colcon_core.verb:set package 'my_gazebo_simulation' build argument 'cmake_args' from command line to 'None'
[0.686s] Level 5:colcon.colcon_core.verb:set package 'my_gazebo_simulation' build argument 'cmake_target' from command line to 'None'
[0.686s] Level 5:colcon.colcon_core.verb:set package 'my_gazebo_simulation' build argument 'cmake_target_skip_unavailable' from command line to 'False'
[0.686s] Level 5:colcon.colcon_core.verb:set package 'my_gazebo_simulation' build argument 'cmake_clean_cache' from command line to 'False'
[0.686s] Level 5:colcon.colcon_core.verb:set package 'my_gazebo_simulation' build argument 'cmake_clean_first' from command line to 'False'
[0.686s] Level 5:colcon.colcon_core.verb:set package 'my_gazebo_simulation' build argument 'cmake_force_configure' from command line to 'False'
[0.686s] Level 5:colcon.colcon_core.verb:set package 'my_gazebo_simulation' build argument 'ament_cmake_args' from command line to 'None'
[0.686s] Level 5:colcon.colcon_core.verb:set package 'my_gazebo_simulation' build argument 'catkin_cmake_args' from command line to 'None'
[0.686s] Level 5:colcon.colcon_core.verb:set package 'my_gazebo_simulation' build argument 'catkin_skip_building_tests' from command line to 'False'
[0.687s] DEBUG:colcon.colcon_core.verb:Building package 'my_gazebo_simulation' with the following arguments: {'ament_cmake_args': None, 'build_base': '/home/aj_karti/RLSimulationTesting/build/my_gazebo_simulation', 'catkin_cmake_args': None, 'catkin_skip_building_tests': False, 'cmake_args': None, 'cmake_clean_cache': False, 'cmake_clean_first': False, 'cmake_force_configure': False, 'cmake_target': None, 'cmake_target_skip_unavailable': False, 'install_base': '/home/aj_karti/RLSimulationTesting/install/my_gazebo_simulation', 'merge_install': False, 'path': '/home/aj_karti/RLSimulationTesting/src/my_gazebo_simulation', 'symlink_install': False, 'test_result_base': None}
[0.687s] INFO:colcon.colcon_core.executor:Executing jobs using 'parallel' executor
[0.688s] DEBUG:colcon.colcon_parallel_executor.executor.parallel:run_until_complete
[0.689s] INFO:colcon.colcon_ros.task.ament_cmake.build:Building ROS package in '/home/aj_karti/RLSimulationTesting/src/my_gazebo_simulation' with build type 'ament_cmake'
[0.689s] INFO:colcon.colcon_cmake.task.cmake.build:Building CMake package in '/home/aj_karti/RLSimulationTesting/src/my_gazebo_simulation'
[0.694s] INFO:colcon.colcon_core.plugin_system:Skipping extension 'colcon_core.shell.bat': Not used on non-Windows systems
[0.694s] INFO:colcon.colcon_core.shell:Skip shell extension 'powershell' for command environment: Not usable outside of PowerShell
[0.694s] DEBUG:colcon.colcon_core.shell:Skip shell extension 'dsv' for command environment
[0.715s] DEBUG:colcon.colcon_core.event_handler.log_command:Invoking command in '/home/aj_karti/RLSimulationTesting/build/my_gazebo_simulation': CMAKE_PREFIX_PATH=${CMAKE_PREFIX_PATH}:/opt/ros/humble /usr/bin/cmake --build /home/aj_karti/RLSimulationTesting/build/my_gazebo_simulation -- -j16 -l16
[0.778s] DEBUG:colcon.colcon_core.event_handler.log_command:Invoked command in '/home/aj_karti/RLSimulationTesting/build/my_gazebo_simulation' returned '0': CMAKE_PREFIX_PATH=${CMAKE_PREFIX_PATH}:/opt/ros/humble /usr/bin/cmake --build /home/aj_karti/RLSimulationTesting/build/my_gazebo_simulation -- -j16 -l16
[0.793s] DEBUG:colcon.colcon_core.event_handler.log_command:Invoking command in '/home/aj_karti/RLSimulationTesting/build/my_gazebo_simulation': CMAKE_PREFIX_PATH=${CMAKE_PREFIX_PATH}:/opt/ros/humble /usr/bin/cmake --install /home/aj_karti/RLSimulationTesting/build/my_gazebo_simulation
[0.813s] Level 1:colcon.colcon_core.environment:create_environment_scripts_only(my_gazebo_simulation)
[0.816s] DEBUG:colcon.colcon_core.event_handler.log_command:Invoked command in '/home/aj_karti/RLSimulationTesting/build/my_gazebo_simulation' returned '0': CMAKE_PREFIX_PATH=${CMAKE_PREFIX_PATH}:/opt/ros/humble /usr/bin/cmake --install /home/aj_karti/RLSimulationTesting/build/my_gazebo_simulation
[0.820s] Level 1:colcon.colcon_core.environment:checking '/home/aj_karti/RLSimulationTesting/install/my_gazebo_simulation' for CMake module files
[0.820s] Level 1:colcon.colcon_core.environment:checking '/home/aj_karti/RLSimulationTesting/install/my_gazebo_simulation' for CMake config files
[0.821s] Level 1:colcon.colcon_core.shell:create_environment_hook('my_gazebo_simulation', 'cmake_prefix_path')
[0.821s] INFO:colcon.colcon_core.shell:Creating environment hook '/home/aj_karti/RLSimulationTesting/install/my_gazebo_simulation/share/my_gazebo_simulation/hook/cmake_prefix_path.ps1'
[0.822s] INFO:colcon.colcon_core.shell:Creating environment descriptor '/home/aj_karti/RLSimulationTesting/install/my_gazebo_simulation/share/my_gazebo_simulation/hook/cmake_prefix_path.dsv'
[0.823s] INFO:colcon.colcon_core.shell:Creating environment hook '/home/aj_karti/RLSimulationTesting/install/my_gazebo_simulation/share/my_gazebo_simulation/hook/cmake_prefix_path.sh'
[0.825s] Level 1:colcon.colcon_core.environment:checking '/home/aj_karti/RLSimulationTesting/install/my_gazebo_simulation/lib'
[0.825s] Level 1:colcon.colcon_core.environment:checking '/home/aj_karti/RLSimulationTesting/install/my_gazebo_simulation/bin'
[0.825s] Level 1:colcon.colcon_core.environment:checking '/home/aj_karti/RLSimulationTesting/install/my_gazebo_simulation/lib/pkgconfig/my_gazebo_simulation.pc'
[0.826s] Level 1:colcon.colcon_core.environment:checking '/home/aj_karti/RLSimulationTesting/install/my_gazebo_simulation/lib/python3.10/site-packages'
[0.826s] Level 1:colcon.colcon_core.environment:checking '/home/aj_karti/RLSimulationTesting/install/my_gazebo_simulation/bin'
[0.826s] INFO:colcon.colcon_core.shell:Creating package script '/home/aj_karti/RLSimulationTesting/install/my_gazebo_simulation/share/my_gazebo_simulation/package.ps1'
[0.828s] INFO:colcon.colcon_core.shell:Creating package descriptor '/home/aj_karti/RLSimulationTesting/install/my_gazebo_simulation/share/my_gazebo_simulation/package.dsv'
[0.829s] INFO:colcon.colcon_core.shell:Creating package script '/home/aj_karti/RLSimulationTesting/install/my_gazebo_simulation/share/my_gazebo_simulation/package.sh'
[0.830s] INFO:colcon.colcon_core.shell:Creating package script '/home/aj_karti/RLSimulationTesting/install/my_gazebo_simulation/share/my_gazebo_simulation/package.bash'
[0.831s] INFO:colcon.colcon_core.shell:Creating package script '/home/aj_karti/RLSimulationTesting/install/my_gazebo_simulation/share/my_gazebo_simulation/package.zsh'
[0.832s] Level 1:colcon.colcon_core.environment:create_file_with_runtime_dependencies(/home/aj_karti/RLSimulationTesting/install/my_gazebo_simulation/share/colcon-core/packages/my_gazebo_simulation)
[0.833s] Level 1:colcon.colcon_core.environment:create_environment_scripts_only(my_gazebo_simulation)
[0.834s] Level 1:colcon.colcon_core.environment:checking '/home/aj_karti/RLSimulationTesting/install/my_gazebo_simulation' for CMake module files
[0.835s] Level 1:colcon.colcon_core.environment:checking '/home/aj_karti/RLSimulationTesting/install/my_gazebo_simulation' for CMake config files
[0.835s] Level 1:colcon.colcon_core.shell:create_environment_hook('my_gazebo_simulation', 'cmake_prefix_path')
[0.836s] INFO:colcon.colcon_core.shell:Creating environment hook '/home/aj_karti/RLSimulationTesting/install/my_gazebo_simulation/share/my_gazebo_simulation/hook/cmake_prefix_path.ps1'
[0.836s] INFO:colcon.colcon_core.shell:Creating environment descriptor '/home/aj_karti/RLSimulationTesting/install/my_gazebo_simulation/share/my_gazebo_simulation/hook/cmake_prefix_path.dsv'
[0.837s] INFO:colcon.colcon_core.shell:Creating environment hook '/home/aj_karti/RLSimulationTesting/install/my_gazebo_simulation/share/my_gazebo_simulation/hook/cmake_prefix_path.sh'
[0.838s] Level 1:colcon.colcon_core.environment:checking '/home/aj_karti/RLSimulationTesting/install/my_gazebo_simulation/lib'
[0.838s] Level 1:colcon.colcon_core.environment:checking '/home/aj_karti/RLSimulationTesting/install/my_gazebo_simulation/bin'
[0.838s] Level 1:colcon.colcon_core.environment:checking '/home/aj_karti/RLSimulationTesting/install/my_gazebo_simulation/lib/pkgconfig/my_gazebo_simulation.pc'
[0.839s] Level 1:colcon.colcon_core.environment:checking '/home/aj_karti/RLSimulationTesting/install/my_gazebo_simulation/lib/python3.10/site-packages'
[0.839s] Level 1:colcon.colcon_core.environment:checking '/home/aj_karti/RLSimulationTesting/install/my_gazebo_simulation/bin'
[0.839s] INFO:colcon.colcon_core.shell:Creating package script '/home/aj_karti/RLSimulationTesting/install/my_gazebo_simulation/share/my_gazebo_simulation/package.ps1'
[0.840s] INFO:colcon.colcon_core.shell:Creating package descriptor '/home/aj_karti/RLSimulationTesting/install/my_gazebo_simulation/share/my_gazebo_simulation/package.dsv'
[0.841s] INFO:colcon.colcon_core.shell:Creating package script '/home/aj_karti/RLSimulationTesting/install/my_gazebo_simulation/share/my_gazebo_simulation/package.sh'
[0.842s] INFO:colcon.colcon_core.shell:Creating package script '/home/aj_karti/RLSimulationTesting/install/my_gazebo_simulation/share/my_gazebo_simulation/package.bash'
[0.843s] INFO:colcon.colcon_core.shell:Creating package script '/home/aj_karti/RLSimulationTesting/install/my_gazebo_simulation/share/my_gazebo_simulation/package.zsh'
[0.843s] Level 1:colcon.colcon_core.environment:create_file_with_runtime_dependencies(/home/aj_karti/RLSimulationTesting/install/my_gazebo_simulation/share/colcon-core/packages/my_gazebo_simulation)
[0.844s] DEBUG:colcon.colcon_parallel_executor.executor.parallel:closing loop
[0.845s] DEBUG:colcon.colcon_parallel_executor.executor.parallel:loop closed
[0.846s] DEBUG:colcon.colcon_parallel_executor.executor.parallel:run_until_complete finished with '0'
[0.846s] DEBUG:colcon.colcon_core.event_reactor:joining thread
[0.874s] INFO:colcon.colcon_core.plugin_system:Skipping extension 'colcon_notification.desktop_notification.notify_send': Could not find 'notify-send'
[0.875s] INFO:colcon.colcon_core.plugin_system:Skipping extension 'colcon_notification.desktop_notification.terminal_notifier': Not used on non-Darwin systems
[0.875s] INFO:colcon.colcon_core.plugin_system:Skipping extension 'colcon_notification.desktop_notification.win32': Not used on non-Windows systems
[0.875s] INFO:colcon.colcon_notification.desktop_notification:Sending desktop notification using 'notify2'
[0.875s] DEBUG:colcon.colcon_notification.desktop_notification.notify2:Failed to initialize notify2: org.freedesktop.DBus.Error.FileNotFound: Failed to connect to socket /run/user/1000/bus: No such file or directory
[0.875s] DEBUG:colcon.colcon_core.event_reactor:joined thread
[0.876s] INFO:colcon.colcon_core.shell:Creating prefix script '/home/aj_karti/RLSimulationTesting/install/local_setup.ps1'
[0.878s] INFO:colcon.colcon_core.shell:Creating prefix util module '/home/aj_karti/RLSimulationTesting/install/_local_setup_util_ps1.py'
[0.880s] INFO:colcon.colcon_core.shell:Creating prefix chain script '/home/aj_karti/RLSimulationTesting/install/setup.ps1'
[0.881s] INFO:colcon.colcon_core.shell:Creating prefix script '/home/aj_karti/RLSimulationTesting/install/local_setup.sh'
[0.882s] INFO:colcon.colcon_core.shell:Creating prefix util module '/home/aj_karti/RLSimulationTesting/install/_local_setup_util_sh.py'
[0.883s] INFO:colcon.colcon_core.shell:Creating prefix chain script '/home/aj_karti/RLSimulationTesting/install/setup.sh'
[0.886s] INFO:colcon.colcon_core.shell:Creating prefix script '/home/aj_karti/RLSimulationTesting/install/local_setup.bash'
[0.887s] INFO:colcon.colcon_core.shell:Creating prefix chain script '/home/aj_karti/RLSimulationTesting/install/setup.bash'
[0.889s] INFO:colcon.colcon_core.shell:Creating prefix script '/home/aj_karti/RLSimulationTesting/install/local_setup.zsh'
[0.890s] INFO:colcon.colcon_core.shell:Creating prefix chain script '/home/aj_karti/RLSimulationTesting/install/setup.zsh'
