[0.418s] DEBUG:colcon:Command line arguments: ['/usr/bin/colcon', 'build']
[0.418s] DEBUG:colcon:Parsed command line arguments: Namespace(log_base=None, log_level=None, verb_name='build', build_base='build', install_base='install', merge_install=False, symlink_install=False, test_result_base=None, continue_on_error=False, executor='parallel', parallel_workers=16, event_handlers=None, ignore_user_meta=False, metas=['./colcon.meta'], base_paths=['.'], packages_ignore=None, packages_ignore_regex=None, paths=None, packages_up_to=None, packages_up_to_regex=None, packages_above=None, packages_above_and_dependencies=None, packages_above_depth=None, packages_select_by_dep=None, packages_skip_by_dep=None, packages_skip_up_to=None, packages_select_build_failed=False, packages_skip_build_finished=False, packages_select_test_failures=False, packages_skip_test_passed=False, packages_select=None, packages_skip=None, packages_select_regex=None, packages_skip_regex=None, packages_start=None, packages_end=None, allow_overriding=[], cmake_args=None, cmake_target=None, cmake_target_skip_unavailable=False, cmake_clean_cache=False, cmake_clean_first=False, cmake_force_configure=False, ament_cmake_args=None, catkin_cmake_args=None, catkin_skip_building_tests=False, verb_parser=<colcon_defaults.argument_parser.defaults.DefaultArgumentsDecorator object at 0x7fb8e4d27dc0>, verb_extension=<colcon_core.verb.build.BuildVerb object at 0x7fb8e4e68b20>, main=<bound method BuildVerb.main of <colcon_core.verb.build.BuildVerb object at 0x7fb8e4e68b20>>)
[0.998s] Level 1:colcon.colcon_core.package_discovery:discover_packages(colcon_meta) check parameters
[0.998s] Level 1:colcon.colcon_core.package_discovery:discover_packages(recursive) check parameters
[0.998s] Level 1:colcon.colcon_core.package_discovery:discover_packages(ignore) check parameters
[0.998s] Level 1:colcon.colcon_core.package_discovery:discover_packages(path) check parameters
[0.998s] Level 1:colcon.colcon_core.package_discovery:discover_packages(colcon_meta) discover
[0.999s] Level 1:colcon.colcon_core.package_discovery:discover_packages(recursive) discover
[0.999s] INFO:colcon.colcon_core.package_discovery:Crawling recursively for packages in '/home/aj_karti/RLSimulationTesting'
[0.999s] Level 1:colcon.colcon_core.package_identification:_identify(.) by extensions ['ignore', 'ignore_ament_install']
[0.999s] Level 1:colcon.colcon_core.package_identification:_identify(.) by extension 'ignore'
[1.000s] Level 1:colcon.colcon_core.package_identification:_identify(.) by extension 'ignore_ament_install'
[1.000s] Level 1:colcon.colcon_core.package_identification:_identify(.) by extensions ['colcon_pkg']
[1.000s] Level 1:colcon.colcon_core.package_identification:_identify(.) by extension 'colcon_pkg'
[1.000s] Level 1:colcon.colcon_core.package_identification:_identify(.) by extensions ['colcon_meta']
[1.000s] Level 1:colcon.colcon_core.package_identification:_identify(.) by extension 'colcon_meta'
[1.000s] Level 1:colcon.colcon_core.package_identification:_identify(.) by extensions ['ros']
[1.000s] Level 1:colcon.colcon_core.package_identification:_identify(.) by extension 'ros'
[1.025s] Level 1:colcon.colcon_core.package_identification:_identify(.) by extensions ['cmake', 'python']
[1.025s] Level 1:colcon.colcon_core.package_identification:_identify(.) by extension 'cmake'
[1.026s] Level 1:colcon.colcon_core.package_identification:_identify(.) by extension 'python'
[1.026s] Level 1:colcon.colcon_core.package_identification:_identify(.) by extensions ['python_setup_py']
[1.026s] Level 1:colcon.colcon_core.package_identification:_identify(.) by extension 'python_setup_py'
[1.026s] Level 1:colcon.colcon_core.package_identification:_identify(build) by extensions ['ignore', 'ignore_ament_install']
[1.026s] Level 1:colcon.colcon_core.package_identification:_identify(build) by extension 'ignore'
[1.026s] Level 1:colcon.colcon_core.package_identification:_identify(build) ignored
[1.026s] Level 1:colcon.colcon_core.package_identification:_identify(install) by extensions ['ignore', 'ignore_ament_install']
[1.027s] Level 1:colcon.colcon_core.package_identification:_identify(install) by extension 'ignore'
[1.027s] Level 1:colcon.colcon_core.package_identification:_identify(install) ignored
[1.027s] Level 1:colcon.colcon_core.package_identification:_identify(log) by extensions ['ignore', 'ignore_ament_install']
[1.027s] Level 1:colcon.colcon_core.package_identification:_identify(log) by extension 'ignore'
[1.028s] Level 1:colcon.colcon_core.package_identification:_identify(log) ignored
[1.028s] Level 1:colcon.colcon_core.package_identification:_identify(src) by extensions ['ignore', 'ignore_ament_install']
[1.029s] Level 1:colcon.colcon_core.package_identification:_identify(src) by extension 'ignore'
[1.029s] Level 1:colcon.colcon_core.package_identification:_identify(src) by extension 'ignore_ament_install'
[1.029s] Level 1:colcon.colcon_core.package_identification:_identify(src) by extensions ['colcon_pkg']
[1.029s] Level 1:colcon.colcon_core.package_identification:_identify(src) by extension 'colcon_pkg'
[1.029s] Level 1:colcon.colcon_core.package_identification:_identify(src) by extensions ['colcon_meta']
[1.029s] Level 1:colcon.colcon_core.package_identification:_identify(src) by extension 'colcon_meta'
[1.029s] Level 1:colcon.colcon_core.package_identification:_identify(src) by extensions ['ros']
[1.029s] Level 1:colcon.colcon_core.package_identification:_identify(src) by extension 'ros'
[1.030s] Level 1:colcon.colcon_core.package_identification:_identify(src) by extensions ['cmake', 'python']
[1.030s] Level 1:colcon.colcon_core.package_identification:_identify(src) by extension 'cmake'
[1.030s] Level 1:colcon.colcon_core.package_identification:_identify(src) by extension 'python'
[1.030s] Level 1:colcon.colcon_core.package_identification:_identify(src) by extensions ['python_setup_py']
[1.030s] Level 1:colcon.colcon_core.package_identification:_identify(src) by extension 'python_setup_py'
[1.030s] Level 1:colcon.colcon_core.package_identification:_identify(src/my_gazebo_simulation) by extensions ['ignore', 'ignore_ament_install']
[1.031s] Level 1:colcon.colcon_core.package_identification:_identify(src/my_gazebo_simulation) by extension 'ignore'
[1.031s] Level 1:colcon.colcon_core.package_identification:_identify(src/my_gazebo_simulation) by extension 'ignore_ament_install'
[1.031s] Level 1:colcon.colcon_core.package_identification:_identify(src/my_gazebo_simulation) by extensions ['colcon_pkg']
[1.031s] Level 1:colcon.colcon_core.package_identification:_identify(src/my_gazebo_simulation) by extension 'colcon_pkg'
[1.031s] Level 1:colcon.colcon_core.package_identification:_identify(src/my_gazebo_simulation) by extensions ['colcon_meta']
[1.031s] Level 1:colcon.colcon_core.package_identification:_identify(src/my_gazebo_simulation) by extension 'colcon_meta'
[1.031s] Level 1:colcon.colcon_core.package_identification:_identify(src/my_gazebo_simulation) by extensions ['ros']
[1.032s] Level 1:colcon.colcon_core.package_identification:_identify(src/my_gazebo_simulation) by extension 'ros'
[1.037s] DEBUG:colcon.colcon_core.package_identification:Package 'src/my_gazebo_simulation' with type 'ros.ament_cmake' and name 'my_gazebo_simulation'
[1.038s] Level 1:colcon.colcon_core.package_identification:_identify(tests) by extensions ['ignore', 'ignore_ament_install']
[1.038s] Level 1:colcon.colcon_core.package_identification:_identify(tests) by extension 'ignore'
[1.038s] Level 1:colcon.colcon_core.package_identification:_identify(tests) by extension 'ignore_ament_install'
[1.038s] Level 1:colcon.colcon_core.package_identification:_identify(tests) by extensions ['colcon_pkg']
[1.039s] Level 1:colcon.colcon_core.package_identification:_identify(tests) by extension 'colcon_pkg'
[1.039s] Level 1:colcon.colcon_core.package_identification:_identify(tests) by extensions ['colcon_meta']
[1.039s] Level 1:colcon.colcon_core.package_identification:_identify(tests) by extension 'colcon_meta'
[1.039s] Level 1:colcon.colcon_core.package_identification:_identify(tests) by extensions ['ros']
[1.039s] Level 1:colcon.colcon_core.package_identification:_identify(tests) by extension 'ros'
[1.039s] Level 1:colcon.colcon_core.package_identification:_identify(tests) by extensions ['cmake', 'python']
[1.039s] Level 1:colcon.colcon_core.package_identification:_identify(tests) by extension 'cmake'
[1.039s] Level 1:colcon.colcon_core.package_identification:_identify(tests) by extension 'python'
[1.039s] Level 1:colcon.colcon_core.package_identification:_identify(tests) by extensions ['python_setup_py']
[1.040s] Level 1:colcon.colcon_core.package_identification:_identify(tests) by extension 'python_setup_py'
[1.040s] Level 1:colcon.colcon_core.package_discovery:discover_packages(recursive) using defaults
[1.040s] Level 1:colcon.colcon_core.package_discovery:discover_packages(ignore) discover
[1.040s] Level 1:colcon.colcon_core.package_discovery:discover_packages(ignore) using defaults
[1.040s] Level 1:colcon.colcon_core.package_discovery:discover_packages(path) discover
[1.040s] Level 1:colcon.colcon_core.package_discovery:discover_packages(path) using defaults
[1.092s] Level 1:colcon.colcon_core.package_discovery:discover_packages(prefix_path) check parameters
[1.093s] Level 1:colcon.colcon_core.package_discovery:discover_packages(prefix_path) discover
[1.102s] DEBUG:colcon.colcon_installed_package_information.package_discovery:Found 308 installed packages in /opt/ros/humble
[1.122s] Level 1:colcon.colcon_core.package_discovery:discover_packages(prefix_path) using defaults
[1.284s] Level 5:colcon.colcon_core.verb:set package 'my_gazebo_simulation' build argument 'cmake_args' from command line to 'None'
[1.284s] Level 5:colcon.colcon_core.verb:set package 'my_gazebo_simulation' build argument 'cmake_target' from command line to 'None'
[1.284s] Level 5:colcon.colcon_core.verb:set package 'my_gazebo_simulation' build argument 'cmake_target_skip_unavailable' from command line to 'False'
[1.284s] Level 5:colcon.colcon_core.verb:set package 'my_gazebo_simulation' build argument 'cmake_clean_cache' from command line to 'False'
[1.284s] Level 5:colcon.colcon_core.verb:set package 'my_gazebo_simulation' build argument 'cmake_clean_first' from command line to 'False'
[1.284s] Level 5:colcon.colcon_core.verb:set package 'my_gazebo_simulation' build argument 'cmake_force_configure' from command line to 'False'
[1.284s] Level 5:colcon.colcon_core.verb:set package 'my_gazebo_simulation' build argument 'ament_cmake_args' from command line to 'None'
[1.284s] Level 5:colcon.colcon_core.verb:set package 'my_gazebo_simulation' build argument 'catkin_cmake_args' from command line to 'None'
[1.284s] Level 5:colcon.colcon_core.verb:set package 'my_gazebo_simulation' build argument 'catkin_skip_building_tests' from command line to 'False'
[1.284s] DEBUG:colcon.colcon_core.verb:Building package 'my_gazebo_simulation' with the following arguments: {'ament_cmake_args': None, 'build_base': '/home/aj_karti/RLSimulationTesting/build/my_gazebo_simulation', 'catkin_cmake_args': None, 'catkin_skip_building_tests': False, 'cmake_args': None, 'cmake_clean_cache': False, 'cmake_clean_first': False, 'cmake_force_configure': False, 'cmake_target': None, 'cmake_target_skip_unavailable': False, 'install_base': '/home/aj_karti/RLSimulationTesting/install/my_gazebo_simulation', 'merge_install': False, 'path': '/home/aj_karti/RLSimulationTesting/src/my_gazebo_simulation', 'symlink_install': False, 'test_result_base': None}
[1.284s] INFO:colcon.colcon_core.executor:Executing jobs using 'parallel' executor
[1.286s] DEBUG:colcon.colcon_parallel_executor.executor.parallel:run_until_complete
[1.287s] INFO:colcon.colcon_ros.task.ament_cmake.build:Building ROS package in '/home/aj_karti/RLSimulationTesting/src/my_gazebo_simulation' with build type 'ament_cmake'
[1.287s] INFO:colcon.colcon_cmake.task.cmake.build:Building CMake package in '/home/aj_karti/RLSimulationTesting/src/my_gazebo_simulation'
[1.297s] INFO:colcon.colcon_core.plugin_system:Skipping extension 'colcon_core.shell.bat': Not used on non-Windows systems
[1.297s] INFO:colcon.colcon_core.shell:Skip shell extension 'powershell' for command environment: Not usable outside of PowerShell
[1.298s] DEBUG:colcon.colcon_core.shell:Skip shell extension 'dsv' for command environment
[1.316s] DEBUG:colcon.colcon_core.event_handler.log_command:Invoking command in '/home/aj_karti/RLSimulationTesting/build/my_gazebo_simulation': CMAKE_PREFIX_PATH=/opt/ros/humble PS1=\[\e]0;\u@\h: \w\a\]${debian_chroot:+($debian_chroot)}\[\033[01;32m\]\u@\h\[\033[00m\]:\[\033[01;34m\]\w\[\033[00m\]\$ /usr/bin/cmake /home/aj_karti/RLSimulationTesting/src/my_gazebo_simulation -DCMAKE_INSTALL_PREFIX=/home/aj_karti/RLSimulationTesting/install/my_gazebo_simulation
[3.313s] DEBUG:colcon.colcon_core.event_handler.log_command:Invoked command in '/home/aj_karti/RLSimulationTesting/build/my_gazebo_simulation' returned '0': CMAKE_PREFIX_PATH=/opt/ros/humble PS1=\[\e]0;\u@\h: \w\a\]${debian_chroot:+($debian_chroot)}\[\033[01;32m\]\u@\h\[\033[00m\]:\[\033[01;34m\]\w\[\033[00m\]\$ /usr/bin/cmake /home/aj_karti/RLSimulationTesting/src/my_gazebo_simulation -DCMAKE_INSTALL_PREFIX=/home/aj_karti/RLSimulationTesting/install/my_gazebo_simulation
[3.316s] DEBUG:colcon.colcon_core.event_handler.log_command:Invoking command in '/home/aj_karti/RLSimulationTesting/build/my_gazebo_simulation': CMAKE_PREFIX_PATH=/opt/ros/humble PS1=\[\e]0;\u@\h: \w\a\]${debian_chroot:+($debian_chroot)}\[\033[01;32m\]\u@\h\[\033[00m\]:\[\033[01;34m\]\w\[\033[00m\]\$ /usr/bin/cmake --build /home/aj_karti/RLSimulationTesting/build/my_gazebo_simulation -- -j16 -l16
[3.371s] DEBUG:colcon.colcon_core.event_handler.log_command:Invoked command in '/home/aj_karti/RLSimulationTesting/build/my_gazebo_simulation' returned '0': CMAKE_PREFIX_PATH=/opt/ros/humble PS1=\[\e]0;\u@\h: \w\a\]${debian_chroot:+($debian_chroot)}\[\033[01;32m\]\u@\h\[\033[00m\]:\[\033[01;34m\]\w\[\033[00m\]\$ /usr/bin/cmake --build /home/aj_karti/RLSimulationTesting/build/my_gazebo_simulation -- -j16 -l16
[3.387s] DEBUG:colcon.colcon_core.event_handler.log_command:Invoking command in '/home/aj_karti/RLSimulationTesting/build/my_gazebo_simulation': CMAKE_PREFIX_PATH=/opt/ros/humble PS1=\[\e]0;\u@\h: \w\a\]${debian_chroot:+($debian_chroot)}\[\033[01;32m\]\u@\h\[\033[00m\]:\[\033[01;34m\]\w\[\033[00m\]\$ /usr/bin/cmake --install /home/aj_karti/RLSimulationTesting/build/my_gazebo_simulation
[3.416s] Level 1:colcon.colcon_core.environment:create_environment_scripts_only(my_gazebo_simulation)
[3.418s] DEBUG:colcon.colcon_core.event_handler.log_command:Invoked command in '/home/aj_karti/RLSimulationTesting/build/my_gazebo_simulation' returned '0': CMAKE_PREFIX_PATH=/opt/ros/humble PS1=\[\e]0;\u@\h: \w\a\]${debian_chroot:+($debian_chroot)}\[\033[01;32m\]\u@\h\[\033[00m\]:\[\033[01;34m\]\w\[\033[00m\]\$ /usr/bin/cmake --install /home/aj_karti/RLSimulationTesting/build/my_gazebo_simulation
[3.428s] Level 1:colcon.colcon_core.environment:checking '/home/aj_karti/RLSimulationTesting/install/my_gazebo_simulation' for CMake module files
[3.429s] Level 1:colcon.colcon_core.environment:checking '/home/aj_karti/RLSimulationTesting/install/my_gazebo_simulation' for CMake config files
[3.430s] Level 1:colcon.colcon_core.shell:create_environment_hook('my_gazebo_simulation', 'cmake_prefix_path')
[3.430s] INFO:colcon.colcon_core.shell:Creating environment hook '/home/aj_karti/RLSimulationTesting/install/my_gazebo_simulation/share/my_gazebo_simulation/hook/cmake_prefix_path.ps1'
[3.432s] INFO:colcon.colcon_core.shell:Creating environment descriptor '/home/aj_karti/RLSimulationTesting/install/my_gazebo_simulation/share/my_gazebo_simulation/hook/cmake_prefix_path.dsv'
[3.433s] INFO:colcon.colcon_core.shell:Creating environment hook '/home/aj_karti/RLSimulationTesting/install/my_gazebo_simulation/share/my_gazebo_simulation/hook/cmake_prefix_path.sh'
[3.435s] Level 1:colcon.colcon_core.environment:checking '/home/aj_karti/RLSimulationTesting/install/my_gazebo_simulation/lib'
[3.436s] Level 1:colcon.colcon_core.environment:checking '/home/aj_karti/RLSimulationTesting/install/my_gazebo_simulation/bin'
[3.436s] Level 1:colcon.colcon_core.environment:checking '/home/aj_karti/RLSimulationTesting/install/my_gazebo_simulation/lib/pkgconfig/my_gazebo_simulation.pc'
[3.436s] Level 1:colcon.colcon_core.environment:checking '/home/aj_karti/RLSimulationTesting/install/my_gazebo_simulation/lib/python3.10/site-packages'
[3.437s] Level 1:colcon.colcon_core.environment:checking '/home/aj_karti/RLSimulationTesting/install/my_gazebo_simulation/bin'
[3.437s] INFO:colcon.colcon_core.shell:Creating package script '/home/aj_karti/RLSimulationTesting/install/my_gazebo_simulation/share/my_gazebo_simulation/package.ps1'
[3.439s] INFO:colcon.colcon_core.shell:Creating package descriptor '/home/aj_karti/RLSimulationTesting/install/my_gazebo_simulation/share/my_gazebo_simulation/package.dsv'
[3.440s] INFO:colcon.colcon_core.shell:Creating package script '/home/aj_karti/RLSimulationTesting/install/my_gazebo_simulation/share/my_gazebo_simulation/package.sh'
[3.442s] INFO:colcon.colcon_core.shell:Creating package script '/home/aj_karti/RLSimulationTesting/install/my_gazebo_simulation/share/my_gazebo_simulation/package.bash'
[3.443s] INFO:colcon.colcon_core.shell:Creating package script '/home/aj_karti/RLSimulationTesting/install/my_gazebo_simulation/share/my_gazebo_simulation/package.zsh'
[3.445s] Level 1:colcon.colcon_core.environment:create_file_with_runtime_dependencies(/home/aj_karti/RLSimulationTesting/install/my_gazebo_simulation/share/colcon-core/packages/my_gazebo_simulation)
[3.448s] Level 1:colcon.colcon_core.environment:create_environment_scripts_only(my_gazebo_simulation)
[3.449s] Level 1:colcon.colcon_core.environment:checking '/home/aj_karti/RLSimulationTesting/install/my_gazebo_simulation' for CMake module files
[3.450s] Level 1:colcon.colcon_core.environment:checking '/home/aj_karti/RLSimulationTesting/install/my_gazebo_simulation' for CMake config files
[3.450s] Level 1:colcon.colcon_core.shell:create_environment_hook('my_gazebo_simulation', 'cmake_prefix_path')
[3.451s] INFO:colcon.colcon_core.shell:Creating environment hook '/home/aj_karti/RLSimulationTesting/install/my_gazebo_simulation/share/my_gazebo_simulation/hook/cmake_prefix_path.ps1'
[3.452s] INFO:colcon.colcon_core.shell:Creating environment descriptor '/home/aj_karti/RLSimulationTesting/install/my_gazebo_simulation/share/my_gazebo_simulation/hook/cmake_prefix_path.dsv'
[3.453s] INFO:colcon.colcon_core.shell:Creating environment hook '/home/aj_karti/RLSimulationTesting/install/my_gazebo_simulation/share/my_gazebo_simulation/hook/cmake_prefix_path.sh'
[3.454s] Level 1:colcon.colcon_core.environment:checking '/home/aj_karti/RLSimulationTesting/install/my_gazebo_simulation/lib'
[3.454s] Level 1:colcon.colcon_core.environment:checking '/home/aj_karti/RLSimulationTesting/install/my_gazebo_simulation/bin'
[3.454s] Level 1:colcon.colcon_core.environment:checking '/home/aj_karti/RLSimulationTesting/install/my_gazebo_simulation/lib/pkgconfig/my_gazebo_simulation.pc'
[3.455s] Level 1:colcon.colcon_core.environment:checking '/home/aj_karti/RLSimulationTesting/install/my_gazebo_simulation/lib/python3.10/site-packages'
[3.455s] Level 1:colcon.colcon_core.environment:checking '/home/aj_karti/RLSimulationTesting/install/my_gazebo_simulation/bin'
[3.455s] INFO:colcon.colcon_core.shell:Creating package script '/home/aj_karti/RLSimulationTesting/install/my_gazebo_simulation/share/my_gazebo_simulation/package.ps1'
[3.456s] INFO:colcon.colcon_core.shell:Creating package descriptor '/home/aj_karti/RLSimulationTesting/install/my_gazebo_simulation/share/my_gazebo_simulation/package.dsv'
[3.457s] INFO:colcon.colcon_core.shell:Creating package script '/home/aj_karti/RLSimulationTesting/install/my_gazebo_simulation/share/my_gazebo_simulation/package.sh'
[3.458s] INFO:colcon.colcon_core.shell:Creating package script '/home/aj_karti/RLSimulationTesting/install/my_gazebo_simulation/share/my_gazebo_simulation/package.bash'
[3.459s] INFO:colcon.colcon_core.shell:Creating package script '/home/aj_karti/RLSimulationTesting/install/my_gazebo_simulation/share/my_gazebo_simulation/package.zsh'
[3.460s] Level 1:colcon.colcon_core.environment:create_file_with_runtime_dependencies(/home/aj_karti/RLSimulationTesting/install/my_gazebo_simulation/share/colcon-core/packages/my_gazebo_simulation)
[3.461s] DEBUG:colcon.colcon_parallel_executor.executor.parallel:closing loop
[3.462s] DEBUG:colcon.colcon_parallel_executor.executor.parallel:loop closed
[3.463s] DEBUG:colcon.colcon_parallel_executor.executor.parallel:run_until_complete finished with '0'
[3.463s] DEBUG:colcon.colcon_core.event_reactor:joining thread
[3.501s] INFO:colcon.colcon_core.plugin_system:Skipping extension 'colcon_notification.desktop_notification.notify_send': Could not find 'notify-send'
[3.501s] INFO:colcon.colcon_core.plugin_system:Skipping extension 'colcon_notification.desktop_notification.terminal_notifier': Not used on non-Darwin systems
[3.501s] INFO:colcon.colcon_core.plugin_system:Skipping extension 'colcon_notification.desktop_notification.win32': Not used on non-Windows systems
[3.502s] INFO:colcon.colcon_notification.desktop_notification:Sending desktop notification using 'notify2'
[3.502s] DEBUG:colcon.colcon_notification.desktop_notification.notify2:Failed to initialize notify2: org.freedesktop.DBus.Error.FileNotFound: Failed to connect to socket /run/user/1000/bus: No such file or directory
[3.502s] DEBUG:colcon.colcon_core.event_reactor:joined thread
[3.503s] INFO:colcon.colcon_core.shell:Creating prefix script '/home/aj_karti/RLSimulationTesting/install/local_setup.ps1'
[3.505s] INFO:colcon.colcon_core.shell:Creating prefix util module '/home/aj_karti/RLSimulationTesting/install/_local_setup_util_ps1.py'
[3.508s] INFO:colcon.colcon_core.shell:Creating prefix chain script '/home/aj_karti/RLSimulationTesting/install/setup.ps1'
[3.510s] INFO:colcon.colcon_core.shell:Creating prefix script '/home/aj_karti/RLSimulationTesting/install/local_setup.sh'
[3.512s] INFO:colcon.colcon_core.shell:Creating prefix util module '/home/aj_karti/RLSimulationTesting/install/_local_setup_util_sh.py'
[3.512s] INFO:colcon.colcon_core.shell:Creating prefix chain script '/home/aj_karti/RLSimulationTesting/install/setup.sh'
[3.514s] INFO:colcon.colcon_core.shell:Creating prefix script '/home/aj_karti/RLSimulationTesting/install/local_setup.bash'
[3.515s] INFO:colcon.colcon_core.shell:Creating prefix chain script '/home/aj_karti/RLSimulationTesting/install/setup.bash'
[3.517s] INFO:colcon.colcon_core.shell:Creating prefix script '/home/aj_karti/RLSimulationTesting/install/local_setup.zsh'
[3.518s] INFO:colcon.colcon_core.shell:Creating prefix chain script '/home/aj_karti/RLSimulationTesting/install/setup.zsh'
